TN:
SF:/Users/dani/Code/eth-connect/bundled/index.js
FN:1,(anonymous_0)
FN:1,(anonymous_1)
FN:1,(anonymous_2)
FN:1,r
FN:1,(anonymous_4)
FN:1,(anonymous_5)
FN:1,(anonymous_6)
FN:1,(anonymous_7)
FN:1,(anonymous_8)
FN:1,(anonymous_9)
FN:1,(anonymous_10)
FN:1,(anonymous_11)
FN:1,(anonymous_12)
FN:1,(anonymous_13)
FN:1,(anonymous_14)
FN:1,t
FN:1,(anonymous_16)
FN:1,(anonymous_17)
FN:1,(anonymous_18)
FN:1,(anonymous_19)
FN:1,(anonymous_20)
FN:1,(anonymous_21)
FN:1,(anonymous_22)
FN:1,(anonymous_23)
FN:1,(anonymous_24)
FN:1,(anonymous_25)
FN:1,(anonymous_26)
FN:1,(anonymous_27)
FN:1,(anonymous_28)
FN:1,(anonymous_29)
FN:1,(anonymous_30)
FN:1,(anonymous_31)
FN:1,(anonymous_32)
FN:1,(anonymous_33)
FN:1,(anonymous_34)
FN:1,(anonymous_35)
FN:1,(anonymous_36)
FN:1,(anonymous_37)
FN:1,(anonymous_38)
FN:1,(anonymous_39)
FN:1,(anonymous_40)
FN:1,(anonymous_41)
FN:1,(anonymous_42)
FN:1,(anonymous_43)
FN:1,(anonymous_44)
FN:1,(anonymous_45)
FN:1,(anonymous_46)
FN:1,(anonymous_47)
FN:1,(anonymous_48)
FN:1,(anonymous_49)
FN:1,(anonymous_50)
FN:1,(anonymous_51)
FN:1,(anonymous_52)
FN:1,(anonymous_53)
FN:1,(anonymous_54)
FN:1,(anonymous_55)
FN:1,t
FN:1,(anonymous_57)
FN:1,(anonymous_58)
FN:1,(anonymous_59)
FN:1,(anonymous_60)
FN:1,(anonymous_61)
FN:1,(anonymous_62)
FN:1,(anonymous_63)
FN:1,(anonymous_64)
FN:1,r
FN:1,(anonymous_66)
FN:1,(anonymous_67)
FN:1,(anonymous_68)
FN:1,(anonymous_69)
FN:1,(anonymous_70)
FN:1,(anonymous_71)
FN:1,(anonymous_72)
FN:1,(anonymous_73)
FN:1,(anonymous_74)
FN:1,(anonymous_75)
FN:1,(anonymous_76)
FN:1,(anonymous_77)
FN:1,(anonymous_78)
FN:1,(anonymous_79)
FN:1,(anonymous_80)
FN:1,(anonymous_81)
FN:1,(anonymous_82)
FN:1,(anonymous_83)
FN:1,a
FN:1,c
FN:1,u
FN:1,l
FN:1,(anonymous_88)
FN:1,(anonymous_89)
FN:1,(anonymous_90)
FN:1,(anonymous_91)
FN:1,(anonymous_92)
FN:1,(anonymous_93)
FN:1,(anonymous_94)
FN:1,(anonymous_95)
FN:1,(anonymous_96)
FN:1,(anonymous_97)
FN:1,(anonymous_98)
FN:1,(anonymous_99)
FN:1,(anonymous_100)
FN:1,a
FN:1,u
FN:1,l
FN:1,h
FN:1,f
FN:1,p
FN:1,d
FN:1,m
FN:1,y
FN:1,g
FN:1,_
FN:1,v
FN:1,(anonymous_113)
FN:1,(anonymous_114)
FN:1,(anonymous_115)
FN:1,(anonymous_116)
FN:1,(anonymous_117)
FN:1,(anonymous_118)
FN:1,(anonymous_119)
FN:1,(anonymous_120)
FN:1,(anonymous_121)
FN:1,(anonymous_122)
FN:1,(anonymous_123)
FN:1,(anonymous_124)
FN:1,(anonymous_125)
FN:1,(anonymous_126)
FN:1,(anonymous_127)
FN:1,(anonymous_128)
FN:1,(anonymous_129)
FN:1,(anonymous_130)
FN:1,(anonymous_131)
FN:1,(anonymous_132)
FN:1,(anonymous_133)
FN:1,(anonymous_134)
FN:1,(anonymous_135)
FN:1,(anonymous_136)
FN:1,(anonymous_137)
FN:1,(anonymous_138)
FN:1,(anonymous_139)
FN:1,(anonymous_140)
FN:1,(anonymous_141)
FN:1,(anonymous_142)
FN:1,(anonymous_143)
FN:1,(anonymous_144)
FN:1,(anonymous_145)
FN:1,(anonymous_146)
FN:1,(anonymous_147)
FN:1,(anonymous_148)
FN:1,(anonymous_149)
FN:1,(anonymous_150)
FN:1,(anonymous_151)
FN:1,(anonymous_152)
FN:1,(anonymous_153)
FN:1,(anonymous_154)
FN:1,(anonymous_155)
FN:1,(anonymous_156)
FN:1,(anonymous_157)
FN:1,(anonymous_158)
FN:1,(anonymous_159)
FN:1,(anonymous_160)
FN:1,(anonymous_161)
FN:1,(anonymous_162)
FN:1,(anonymous_163)
FN:1,(anonymous_164)
FN:1,(anonymous_165)
FN:1,(anonymous_166)
FN:1,(anonymous_167)
FN:1,u
FN:1,l
FN:1,h
FN:1,f
FN:1,(anonymous_172)
FN:1,i
FN:1,s
FN:1,a
FN:1,c
FN:1,u
FN:1,(anonymous_178)
FN:1,(anonymous_179)
FN:1,(anonymous_180)
FN:1,(anonymous_181)
FN:1,(anonymous_182)
FN:1,(anonymous_183)
FN:1,(anonymous_184)
FN:1,(anonymous_185)
FN:1,(anonymous_186)
FN:1,(anonymous_187)
FN:1,(anonymous_188)
FN:1,(anonymous_189)
FN:1,(anonymous_190)
FN:1,(anonymous_191)
FN:1,(anonymous_192)
FN:1,(anonymous_193)
FN:1,(anonymous_194)
FN:1,(anonymous_195)
FN:1,(anonymous_196)
FN:1,(anonymous_197)
FN:1,(anonymous_198)
FN:1,(anonymous_199)
FN:1,(anonymous_200)
FN:1,(anonymous_201)
FN:1,(anonymous_202)
FN:1,(anonymous_203)
FN:1,(anonymous_204)
FN:1,(anonymous_205)
FN:1,(anonymous_206)
FN:1,(anonymous_207)
FN:1,(anonymous_208)
FN:1,(anonymous_209)
FN:1,(anonymous_210)
FN:1,(anonymous_211)
FN:1,(anonymous_212)
FN:1,(anonymous_213)
FN:1,(anonymous_214)
FN:1,(anonymous_215)
FN:1,(anonymous_216)
FN:1,(anonymous_217)
FN:1,(anonymous_218)
FN:1,(anonymous_219)
FN:1,(anonymous_220)
FN:1,(anonymous_221)
FN:1,(anonymous_222)
FN:1,(anonymous_223)
FN:1,(anonymous_224)
FN:1,(anonymous_225)
FN:1,(anonymous_226)
FN:1,p
FN:1,(anonymous_228)
FN:1,(anonymous_229)
FN:1,(anonymous_230)
FN:1,(anonymous_231)
FN:1,(anonymous_232)
FN:1,(anonymous_233)
FN:1,(anonymous_234)
FN:1,(anonymous_235)
FN:1,(anonymous_236)
FN:1,(anonymous_237)
FN:1,(anonymous_238)
FN:1,(anonymous_239)
FN:1,(anonymous_240)
FN:1,(anonymous_241)
FN:1,(anonymous_242)
FN:1,(anonymous_243)
FN:1,(anonymous_244)
FN:1,(anonymous_245)
FN:1,(anonymous_246)
FN:1,(anonymous_247)
FN:1,(anonymous_248)
FN:1,(anonymous_249)
FN:1,(anonymous_250)
FN:1,g
FN:1,_
FN:1,v
FN:1,w
FN:1,b
FN:1,B
FN:1,F
FN:1,N
FN:1,t
FN:1,W
FN:1,q
FN:1,$
FN:1,G
FN:1,K
FN:1,(anonymous_265)
FN:1,(anonymous_266)
FN:1,(anonymous_267)
FN:1,(anonymous_268)
FN:1,(anonymous_269)
FN:1,(anonymous_270)
FN:1,(anonymous_271)
FN:1,(anonymous_272)
FN:1,t
FN:1,(anonymous_274)
FN:1,(anonymous_275)
FN:1,t
FN:1,e
FN:1,r
FN:1,(anonymous_279)
FN:1,(anonymous_280)
FN:1,(anonymous_281)
FN:1,(anonymous_282)
FN:1,(anonymous_283)
FN:1,(anonymous_284)
FN:1,(anonymous_285)
FN:1,(anonymous_286)
FN:1,(anonymous_287)
FN:1,(anonymous_288)
FN:1,(anonymous_289)
FN:1,(anonymous_290)
FN:1,(anonymous_291)
FN:1,(anonymous_292)
FN:1,(anonymous_293)
FN:1,(anonymous_294)
FN:1,(anonymous_295)
FN:1,(anonymous_296)
FN:1,(anonymous_297)
FN:1,(anonymous_298)
FN:1,(anonymous_299)
FN:1,(anonymous_300)
FN:1,(anonymous_301)
FN:1,(anonymous_302)
FN:1,(anonymous_303)
FN:1,(anonymous_304)
FN:1,(anonymous_305)
FN:1,(anonymous_306)
FN:1,(anonymous_307)
FN:1,(anonymous_308)
FN:1,(anonymous_309)
FN:1,(anonymous_310)
FN:1,(anonymous_311)
FN:1,(anonymous_312)
FN:1,(anonymous_313)
FN:1,(anonymous_314)
FN:1,(anonymous_315)
FN:1,(anonymous_316)
FN:1,(anonymous_317)
FN:1,(anonymous_318)
FN:1,(anonymous_319)
FN:1,e
FN:1,r
FN:1,(anonymous_322)
FN:1,(anonymous_323)
FN:1,(anonymous_324)
FN:1,(anonymous_325)
FN:1,(anonymous_326)
FN:1,(anonymous_327)
FN:1,a
FN:1,(anonymous_329)
FN:1,(anonymous_330)
FN:1,(anonymous_331)
FN:1,(anonymous_332)
FN:1,(anonymous_333)
FN:1,(anonymous_334)
FN:1,(anonymous_335)
FN:1,(anonymous_336)
FN:1,(anonymous_337)
FN:1,(anonymous_338)
FN:1,(anonymous_339)
FN:1,(anonymous_340)
FN:1,(anonymous_341)
FN:1,(anonymous_342)
FN:1,(anonymous_343)
FN:1,(anonymous_344)
FN:1,(anonymous_345)
FN:1,(anonymous_346)
FN:1,(anonymous_347)
FN:1,(anonymous_348)
FN:1,(anonymous_349)
FN:1,(anonymous_350)
FN:1,(anonymous_351)
FN:1,(anonymous_352)
FN:1,(anonymous_353)
FN:1,(anonymous_354)
FN:1,(anonymous_355)
FN:1,(anonymous_356)
FN:1,(anonymous_357)
FN:1,(anonymous_358)
FN:1,(anonymous_359)
FN:1,(anonymous_360)
FN:1,(anonymous_361)
FN:1,(anonymous_362)
FN:1,(anonymous_363)
FN:1,(anonymous_364)
FN:1,(anonymous_365)
FN:1,(anonymous_366)
FN:1,(anonymous_367)
FN:1,(anonymous_368)
FN:1,(anonymous_369)
FN:1,(anonymous_370)
FN:1,(anonymous_371)
FN:1,(anonymous_372)
FN:1,(anonymous_373)
FN:1,(anonymous_374)
FN:1,(anonymous_375)
FN:1,(anonymous_376)
FN:1,(anonymous_377)
FN:1,(anonymous_378)
FN:1,(anonymous_379)
FN:1,(anonymous_380)
FN:1,(anonymous_381)
FN:1,(anonymous_382)
FN:1,(anonymous_383)
FN:1,(anonymous_384)
FN:1,(anonymous_385)
FN:1,(anonymous_386)
FN:1,(anonymous_387)
FN:1,(anonymous_388)
FN:1,(anonymous_389)
FN:1,(anonymous_390)
FN:1,(anonymous_391)
FN:1,(anonymous_392)
FN:1,(anonymous_393)
FN:1,a
FN:1,(anonymous_395)
FN:1,(anonymous_396)
FN:1,(anonymous_397)
FN:1,(anonymous_398)
FN:1,(anonymous_399)
FN:1,(anonymous_400)
FN:1,(anonymous_401)
FN:1,(anonymous_402)
FN:1,(anonymous_403)
FN:1,(anonymous_404)
FN:1,(anonymous_405)
FN:1,(anonymous_406)
FN:1,(anonymous_407)
FN:1,(anonymous_408)
FN:1,(anonymous_409)
FN:1,(anonymous_410)
FN:1,(anonymous_411)
FN:1,(anonymous_412)
FN:1,(anonymous_413)
FN:1,(anonymous_414)
FN:1,(anonymous_415)
FN:1,(anonymous_416)
FN:1,(anonymous_417)
FN:1,(anonymous_418)
FN:1,(anonymous_419)
FN:1,(anonymous_420)
FN:1,(anonymous_421)
FN:1,(anonymous_422)
FN:1,(anonymous_423)
FN:1,(anonymous_424)
FN:1,(anonymous_425)
FN:1,(anonymous_426)
FN:1,(anonymous_427)
FN:1,(anonymous_428)
FN:1,(anonymous_429)
FN:1,(anonymous_430)
FN:1,(anonymous_431)
FN:1,(anonymous_432)
FN:1,(anonymous_433)
FN:1,(anonymous_434)
FN:1,(anonymous_435)
FN:1,(anonymous_436)
FN:1,(anonymous_437)
FN:1,(anonymous_438)
FN:1,(anonymous_439)
FN:1,(anonymous_440)
FN:1,(anonymous_441)
FN:1,(anonymous_442)
FN:1,(anonymous_443)
FN:1,(anonymous_444)
FN:1,(anonymous_445)
FN:1,(anonymous_446)
FN:1,(anonymous_447)
FN:1,(anonymous_448)
FN:1,(anonymous_449)
FN:1,(anonymous_450)
FN:1,(anonymous_451)
FN:1,(anonymous_452)
FN:1,(anonymous_453)
FN:1,(anonymous_454)
FN:1,(anonymous_455)
FN:1,(anonymous_456)
FN:1,(anonymous_457)
FN:1,(anonymous_458)
FN:1,(anonymous_459)
FN:1,(anonymous_460)
FN:1,(anonymous_461)
FN:1,(anonymous_462)
FN:1,i
FN:1,s
FN:1,a
FN:1,c
FN:1,u
FN:1,l
FN:1,(anonymous_469)
FN:1,(anonymous_470)
FN:1,(anonymous_471)
FN:1,(anonymous_472)
FN:1,(anonymous_473)
FN:1,(anonymous_474)
FN:1,(anonymous_475)
FN:1,(anonymous_476)
FN:1,(anonymous_477)
FN:1,o
FN:1,(anonymous_479)
FN:1,(anonymous_480)
FN:1,(anonymous_481)
FN:1,(anonymous_482)
FN:1,(anonymous_483)
FN:1,(anonymous_484)
FN:1,(anonymous_485)
FN:1,(anonymous_486)
FN:1,(anonymous_487)
FN:1,(anonymous_488)
FN:1,(anonymous_489)
FN:12,(anonymous_490)
FN:12,(anonymous_491)
FN:12,(anonymous_492)
FN:12,(anonymous_493)
FN:12,(anonymous_494)
FN:12,d
FN:12,m
FN:12,y
FN:12,g
FN:12,_
FN:12,v
FN:12,(anonymous_501)
FN:12,(anonymous_502)
FN:12,(anonymous_503)
FN:12,(anonymous_504)
FN:12,(anonymous_505)
FN:12,(anonymous_506)
FN:12,e
FN:12,(anonymous_508)
FN:12,(anonymous_509)
FN:12,(anonymous_510)
FN:12,(anonymous_511)
FN:12,(anonymous_512)
FN:18,(anonymous_513)
FN:18,e
FN:18,(anonymous_515)
FN:18,(anonymous_516)
FN:18,(anonymous_517)
FN:18,(anonymous_518)
FN:18,(anonymous_519)
FN:18,(anonymous_520)
FN:18,(anonymous_521)
FN:18,(anonymous_522)
FN:18,(anonymous_523)
FN:18,(anonymous_524)
FN:18,(anonymous_525)
FN:18,(anonymous_526)
FN:18,(anonymous_527)
FN:18,(anonymous_528)
FN:18,(anonymous_529)
FN:18,(anonymous_530)
FN:18,(anonymous_531)
FN:18,(anonymous_532)
FN:18,(anonymous_533)
FN:18,(anonymous_534)
FN:18,(anonymous_535)
FN:18,(anonymous_536)
FN:18,(anonymous_537)
FN:18,(anonymous_538)
FN:18,(anonymous_539)
FN:18,(anonymous_540)
FN:18,(anonymous_541)
FN:18,(anonymous_542)
FN:18,(anonymous_543)
FN:18,(anonymous_544)
FN:18,(anonymous_545)
FN:18,(anonymous_546)
FN:18,(anonymous_547)
FN:18,(anonymous_548)
FN:18,(anonymous_549)
FN:18,(anonymous_550)
FN:18,(anonymous_551)
FN:18,(anonymous_552)
FN:18,f
FN:18,p
FN:18,(anonymous_555)
FN:18,(anonymous_556)
FN:18,(anonymous_557)
FN:18,(anonymous_558)
FN:18,(anonymous_559)
FN:18,(anonymous_560)
FN:18,(anonymous_561)
FN:18,i
FN:18,(anonymous_563)
FN:18,(anonymous_564)
FN:18,(anonymous_565)
FN:18,(anonymous_566)
FN:18,(anonymous_567)
FN:18,c
FN:18,(anonymous_569)
FN:18,(anonymous_570)
FN:18,(anonymous_571)
FN:18,(anonymous_572)
FN:18,c
FN:18,(anonymous_574)
FN:18,(anonymous_575)
FN:18,(anonymous_576)
FN:18,f
FN:18,(anonymous_578)
FN:18,(anonymous_579)
FN:18,(anonymous_580)
FN:18,(anonymous_581)
FN:18,(anonymous_582)
FN:18,(anonymous_583)
FN:18,(anonymous_584)
FN:18,(anonymous_585)
FN:18,(anonymous_586)
FN:18,(anonymous_587)
FN:18,(anonymous_588)
FN:18,(anonymous_589)
FN:18,(anonymous_590)
FN:18,(anonymous_591)
FN:18,(anonymous_592)
FN:18,n
FN:18,(anonymous_594)
FN:18,e
FN:18,(anonymous_596)
FN:18,(anonymous_597)
FN:18,(anonymous_598)
FN:18,(anonymous_599)
FN:18,(anonymous_600)
FN:18,(anonymous_601)
FN:18,(anonymous_602)
FN:18,(anonymous_603)
FN:18,(anonymous_604)
FN:18,(anonymous_605)
FN:18,(anonymous_606)
FN:18,(anonymous_607)
FN:18,(anonymous_608)
FN:18,(anonymous_609)
FN:18,(anonymous_610)
FN:18,(anonymous_611)
FN:18,(anonymous_612)
FN:18,(anonymous_613)
FN:18,(anonymous_614)
FN:18,(anonymous_615)
FN:18,(anonymous_616)
FN:18,(anonymous_617)
FN:18,(anonymous_618)
FN:18,(anonymous_619)
FN:18,(anonymous_620)
FN:18,(anonymous_621)
FN:18,(anonymous_622)
FN:18,(anonymous_623)
FN:18,(anonymous_624)
FN:18,(anonymous_625)
FN:18,(anonymous_626)
FN:18,(anonymous_627)
FN:18,(anonymous_628)
FN:18,(anonymous_629)
FN:18,(anonymous_630)
FN:18,(anonymous_631)
FN:18,(anonymous_632)
FN:18,(anonymous_633)
FN:18,(anonymous_634)
FN:18,(anonymous_635)
FN:18,(anonymous_636)
FN:18,(anonymous_637)
FN:18,(anonymous_638)
FN:18,(anonymous_639)
FN:18,(anonymous_640)
FN:18,(anonymous_641)
FN:18,(anonymous_642)
FN:18,(anonymous_643)
FN:18,(anonymous_644)
FN:18,(anonymous_645)
FN:18,(anonymous_646)
FN:18,(anonymous_647)
FN:18,(anonymous_648)
FN:18,(anonymous_649)
FN:18,(anonymous_650)
FN:18,(anonymous_651)
FN:18,(anonymous_652)
FN:18,(anonymous_653)
FN:18,(anonymous_654)
FN:18,(anonymous_655)
FN:18,(anonymous_656)
FN:18,(anonymous_657)
FN:18,(anonymous_658)
FN:18,(anonymous_659)
FN:18,(anonymous_660)
FN:18,(anonymous_661)
FN:18,a
FN:18,(anonymous_663)
FN:18,(anonymous_664)
FN:18,(anonymous_665)
FN:18,(anonymous_666)
FN:18,(anonymous_667)
FN:18,(anonymous_668)
FN:18,(anonymous_669)
FN:18,(anonymous_670)
FN:18,(anonymous_671)
FN:18,(anonymous_672)
FN:18,(anonymous_673)
FN:18,(anonymous_674)
FN:18,(anonymous_675)
FNF:676
FNH:0
FNDA:0,(anonymous_0)
FNDA:0,(anonymous_1)
FNDA:0,(anonymous_2)
FNDA:0,r
FNDA:0,(anonymous_4)
FNDA:0,(anonymous_5)
FNDA:0,(anonymous_6)
FNDA:0,(anonymous_7)
FNDA:0,(anonymous_8)
FNDA:0,(anonymous_9)
FNDA:0,(anonymous_10)
FNDA:0,(anonymous_11)
FNDA:0,(anonymous_12)
FNDA:0,(anonymous_13)
FNDA:0,(anonymous_14)
FNDA:0,t
FNDA:0,(anonymous_16)
FNDA:0,(anonymous_17)
FNDA:0,(anonymous_18)
FNDA:0,(anonymous_19)
FNDA:0,(anonymous_20)
FNDA:0,(anonymous_21)
FNDA:0,(anonymous_22)
FNDA:0,(anonymous_23)
FNDA:0,(anonymous_24)
FNDA:0,(anonymous_25)
FNDA:0,(anonymous_26)
FNDA:0,(anonymous_27)
FNDA:0,(anonymous_28)
FNDA:0,(anonymous_29)
FNDA:0,(anonymous_30)
FNDA:0,(anonymous_31)
FNDA:0,(anonymous_32)
FNDA:0,(anonymous_33)
FNDA:0,(anonymous_34)
FNDA:0,(anonymous_35)
FNDA:0,(anonymous_36)
FNDA:0,(anonymous_37)
FNDA:0,(anonymous_38)
FNDA:0,(anonymous_39)
FNDA:0,(anonymous_40)
FNDA:0,(anonymous_41)
FNDA:0,(anonymous_42)
FNDA:0,(anonymous_43)
FNDA:0,(anonymous_44)
FNDA:0,(anonymous_45)
FNDA:0,(anonymous_46)
FNDA:0,(anonymous_47)
FNDA:0,(anonymous_48)
FNDA:0,(anonymous_49)
FNDA:0,(anonymous_50)
FNDA:0,(anonymous_51)
FNDA:0,(anonymous_52)
FNDA:0,(anonymous_53)
FNDA:0,(anonymous_54)
FNDA:0,(anonymous_55)
FNDA:0,t
FNDA:0,(anonymous_57)
FNDA:0,(anonymous_58)
FNDA:0,(anonymous_59)
FNDA:0,(anonymous_60)
FNDA:0,(anonymous_61)
FNDA:0,(anonymous_62)
FNDA:0,(anonymous_63)
FNDA:0,(anonymous_64)
FNDA:0,r
FNDA:0,(anonymous_66)
FNDA:0,(anonymous_67)
FNDA:0,(anonymous_68)
FNDA:0,(anonymous_69)
FNDA:0,(anonymous_70)
FNDA:0,(anonymous_71)
FNDA:0,(anonymous_72)
FNDA:0,(anonymous_73)
FNDA:0,(anonymous_74)
FNDA:0,(anonymous_75)
FNDA:0,(anonymous_76)
FNDA:0,(anonymous_77)
FNDA:0,(anonymous_78)
FNDA:0,(anonymous_79)
FNDA:0,(anonymous_80)
FNDA:0,(anonymous_81)
FNDA:0,(anonymous_82)
FNDA:0,(anonymous_83)
FNDA:0,a
FNDA:0,c
FNDA:0,u
FNDA:0,l
FNDA:0,(anonymous_88)
FNDA:0,(anonymous_89)
FNDA:0,(anonymous_90)
FNDA:0,(anonymous_91)
FNDA:0,(anonymous_92)
FNDA:0,(anonymous_93)
FNDA:0,(anonymous_94)
FNDA:0,(anonymous_95)
FNDA:0,(anonymous_96)
FNDA:0,(anonymous_97)
FNDA:0,(anonymous_98)
FNDA:0,(anonymous_99)
FNDA:0,(anonymous_100)
FNDA:0,a
FNDA:0,u
FNDA:0,l
FNDA:0,h
FNDA:0,f
FNDA:0,p
FNDA:0,d
FNDA:0,m
FNDA:0,y
FNDA:0,g
FNDA:0,_
FNDA:0,v
FNDA:0,(anonymous_113)
FNDA:0,(anonymous_114)
FNDA:0,(anonymous_115)
FNDA:0,(anonymous_116)
FNDA:0,(anonymous_117)
FNDA:0,(anonymous_118)
FNDA:0,(anonymous_119)
FNDA:0,(anonymous_120)
FNDA:0,(anonymous_121)
FNDA:0,(anonymous_122)
FNDA:0,(anonymous_123)
FNDA:0,(anonymous_124)
FNDA:0,(anonymous_125)
FNDA:0,(anonymous_126)
FNDA:0,(anonymous_127)
FNDA:0,(anonymous_128)
FNDA:0,(anonymous_129)
FNDA:0,(anonymous_130)
FNDA:0,(anonymous_131)
FNDA:0,(anonymous_132)
FNDA:0,(anonymous_133)
FNDA:0,(anonymous_134)
FNDA:0,(anonymous_135)
FNDA:0,(anonymous_136)
FNDA:0,(anonymous_137)
FNDA:0,(anonymous_138)
FNDA:0,(anonymous_139)
FNDA:0,(anonymous_140)
FNDA:0,(anonymous_141)
FNDA:0,(anonymous_142)
FNDA:0,(anonymous_143)
FNDA:0,(anonymous_144)
FNDA:0,(anonymous_145)
FNDA:0,(anonymous_146)
FNDA:0,(anonymous_147)
FNDA:0,(anonymous_148)
FNDA:0,(anonymous_149)
FNDA:0,(anonymous_150)
FNDA:0,(anonymous_151)
FNDA:0,(anonymous_152)
FNDA:0,(anonymous_153)
FNDA:0,(anonymous_154)
FNDA:0,(anonymous_155)
FNDA:0,(anonymous_156)
FNDA:0,(anonymous_157)
FNDA:0,(anonymous_158)
FNDA:0,(anonymous_159)
FNDA:0,(anonymous_160)
FNDA:0,(anonymous_161)
FNDA:0,(anonymous_162)
FNDA:0,(anonymous_163)
FNDA:0,(anonymous_164)
FNDA:0,(anonymous_165)
FNDA:0,(anonymous_166)
FNDA:0,(anonymous_167)
FNDA:0,u
FNDA:0,l
FNDA:0,h
FNDA:0,f
FNDA:0,(anonymous_172)
FNDA:0,i
FNDA:0,s
FNDA:0,a
FNDA:0,c
FNDA:0,u
FNDA:0,(anonymous_178)
FNDA:0,(anonymous_179)
FNDA:0,(anonymous_180)
FNDA:0,(anonymous_181)
FNDA:0,(anonymous_182)
FNDA:0,(anonymous_183)
FNDA:0,(anonymous_184)
FNDA:0,(anonymous_185)
FNDA:0,(anonymous_186)
FNDA:0,(anonymous_187)
FNDA:0,(anonymous_188)
FNDA:0,(anonymous_189)
FNDA:0,(anonymous_190)
FNDA:0,(anonymous_191)
FNDA:0,(anonymous_192)
FNDA:0,(anonymous_193)
FNDA:0,(anonymous_194)
FNDA:0,(anonymous_195)
FNDA:0,(anonymous_196)
FNDA:0,(anonymous_197)
FNDA:0,(anonymous_198)
FNDA:0,(anonymous_199)
FNDA:0,(anonymous_200)
FNDA:0,(anonymous_201)
FNDA:0,(anonymous_202)
FNDA:0,(anonymous_203)
FNDA:0,(anonymous_204)
FNDA:0,(anonymous_205)
FNDA:0,(anonymous_206)
FNDA:0,(anonymous_207)
FNDA:0,(anonymous_208)
FNDA:0,(anonymous_209)
FNDA:0,(anonymous_210)
FNDA:0,(anonymous_211)
FNDA:0,(anonymous_212)
FNDA:0,(anonymous_213)
FNDA:0,(anonymous_214)
FNDA:0,(anonymous_215)
FNDA:0,(anonymous_216)
FNDA:0,(anonymous_217)
FNDA:0,(anonymous_218)
FNDA:0,(anonymous_219)
FNDA:0,(anonymous_220)
FNDA:0,(anonymous_221)
FNDA:0,(anonymous_222)
FNDA:0,(anonymous_223)
FNDA:0,(anonymous_224)
FNDA:0,(anonymous_225)
FNDA:0,(anonymous_226)
FNDA:0,p
FNDA:0,(anonymous_228)
FNDA:0,(anonymous_229)
FNDA:0,(anonymous_230)
FNDA:0,(anonymous_231)
FNDA:0,(anonymous_232)
FNDA:0,(anonymous_233)
FNDA:0,(anonymous_234)
FNDA:0,(anonymous_235)
FNDA:0,(anonymous_236)
FNDA:0,(anonymous_237)
FNDA:0,(anonymous_238)
FNDA:0,(anonymous_239)
FNDA:0,(anonymous_240)
FNDA:0,(anonymous_241)
FNDA:0,(anonymous_242)
FNDA:0,(anonymous_243)
FNDA:0,(anonymous_244)
FNDA:0,(anonymous_245)
FNDA:0,(anonymous_246)
FNDA:0,(anonymous_247)
FNDA:0,(anonymous_248)
FNDA:0,(anonymous_249)
FNDA:0,(anonymous_250)
FNDA:0,g
FNDA:0,_
FNDA:0,v
FNDA:0,w
FNDA:0,b
FNDA:0,B
FNDA:0,F
FNDA:0,N
FNDA:0,t
FNDA:0,W
FNDA:0,q
FNDA:0,$
FNDA:0,G
FNDA:0,K
FNDA:0,(anonymous_265)
FNDA:0,(anonymous_266)
FNDA:0,(anonymous_267)
FNDA:0,(anonymous_268)
FNDA:0,(anonymous_269)
FNDA:0,(anonymous_270)
FNDA:0,(anonymous_271)
FNDA:0,(anonymous_272)
FNDA:0,t
FNDA:0,(anonymous_274)
FNDA:0,(anonymous_275)
FNDA:0,t
FNDA:0,e
FNDA:0,r
FNDA:0,(anonymous_279)
FNDA:0,(anonymous_280)
FNDA:0,(anonymous_281)
FNDA:0,(anonymous_282)
FNDA:0,(anonymous_283)
FNDA:0,(anonymous_284)
FNDA:0,(anonymous_285)
FNDA:0,(anonymous_286)
FNDA:0,(anonymous_287)
FNDA:0,(anonymous_288)
FNDA:0,(anonymous_289)
FNDA:0,(anonymous_290)
FNDA:0,(anonymous_291)
FNDA:0,(anonymous_292)
FNDA:0,(anonymous_293)
FNDA:0,(anonymous_294)
FNDA:0,(anonymous_295)
FNDA:0,(anonymous_296)
FNDA:0,(anonymous_297)
FNDA:0,(anonymous_298)
FNDA:0,(anonymous_299)
FNDA:0,(anonymous_300)
FNDA:0,(anonymous_301)
FNDA:0,(anonymous_302)
FNDA:0,(anonymous_303)
FNDA:0,(anonymous_304)
FNDA:0,(anonymous_305)
FNDA:0,(anonymous_306)
FNDA:0,(anonymous_307)
FNDA:0,(anonymous_308)
FNDA:0,(anonymous_309)
FNDA:0,(anonymous_310)
FNDA:0,(anonymous_311)
FNDA:0,(anonymous_312)
FNDA:0,(anonymous_313)
FNDA:0,(anonymous_314)
FNDA:0,(anonymous_315)
FNDA:0,(anonymous_316)
FNDA:0,(anonymous_317)
FNDA:0,(anonymous_318)
FNDA:0,(anonymous_319)
FNDA:0,e
FNDA:0,r
FNDA:0,(anonymous_322)
FNDA:0,(anonymous_323)
FNDA:0,(anonymous_324)
FNDA:0,(anonymous_325)
FNDA:0,(anonymous_326)
FNDA:0,(anonymous_327)
FNDA:0,a
FNDA:0,(anonymous_329)
FNDA:0,(anonymous_330)
FNDA:0,(anonymous_331)
FNDA:0,(anonymous_332)
FNDA:0,(anonymous_333)
FNDA:0,(anonymous_334)
FNDA:0,(anonymous_335)
FNDA:0,(anonymous_336)
FNDA:0,(anonymous_337)
FNDA:0,(anonymous_338)
FNDA:0,(anonymous_339)
FNDA:0,(anonymous_340)
FNDA:0,(anonymous_341)
FNDA:0,(anonymous_342)
FNDA:0,(anonymous_343)
FNDA:0,(anonymous_344)
FNDA:0,(anonymous_345)
FNDA:0,(anonymous_346)
FNDA:0,(anonymous_347)
FNDA:0,(anonymous_348)
FNDA:0,(anonymous_349)
FNDA:0,(anonymous_350)
FNDA:0,(anonymous_351)
FNDA:0,(anonymous_352)
FNDA:0,(anonymous_353)
FNDA:0,(anonymous_354)
FNDA:0,(anonymous_355)
FNDA:0,(anonymous_356)
FNDA:0,(anonymous_357)
FNDA:0,(anonymous_358)
FNDA:0,(anonymous_359)
FNDA:0,(anonymous_360)
FNDA:0,(anonymous_361)
FNDA:0,(anonymous_362)
FNDA:0,(anonymous_363)
FNDA:0,(anonymous_364)
FNDA:0,(anonymous_365)
FNDA:0,(anonymous_366)
FNDA:0,(anonymous_367)
FNDA:0,(anonymous_368)
FNDA:0,(anonymous_369)
FNDA:0,(anonymous_370)
FNDA:0,(anonymous_371)
FNDA:0,(anonymous_372)
FNDA:0,(anonymous_373)
FNDA:0,(anonymous_374)
FNDA:0,(anonymous_375)
FNDA:0,(anonymous_376)
FNDA:0,(anonymous_377)
FNDA:0,(anonymous_378)
FNDA:0,(anonymous_379)
FNDA:0,(anonymous_380)
FNDA:0,(anonymous_381)
FNDA:0,(anonymous_382)
FNDA:0,(anonymous_383)
FNDA:0,(anonymous_384)
FNDA:0,(anonymous_385)
FNDA:0,(anonymous_386)
FNDA:0,(anonymous_387)
FNDA:0,(anonymous_388)
FNDA:0,(anonymous_389)
FNDA:0,(anonymous_390)
FNDA:0,(anonymous_391)
FNDA:0,(anonymous_392)
FNDA:0,(anonymous_393)
FNDA:0,a
FNDA:0,(anonymous_395)
FNDA:0,(anonymous_396)
FNDA:0,(anonymous_397)
FNDA:0,(anonymous_398)
FNDA:0,(anonymous_399)
FNDA:0,(anonymous_400)
FNDA:0,(anonymous_401)
FNDA:0,(anonymous_402)
FNDA:0,(anonymous_403)
FNDA:0,(anonymous_404)
FNDA:0,(anonymous_405)
FNDA:0,(anonymous_406)
FNDA:0,(anonymous_407)
FNDA:0,(anonymous_408)
FNDA:0,(anonymous_409)
FNDA:0,(anonymous_410)
FNDA:0,(anonymous_411)
FNDA:0,(anonymous_412)
FNDA:0,(anonymous_413)
FNDA:0,(anonymous_414)
FNDA:0,(anonymous_415)
FNDA:0,(anonymous_416)
FNDA:0,(anonymous_417)
FNDA:0,(anonymous_418)
FNDA:0,(anonymous_419)
FNDA:0,(anonymous_420)
FNDA:0,(anonymous_421)
FNDA:0,(anonymous_422)
FNDA:0,(anonymous_423)
FNDA:0,(anonymous_424)
FNDA:0,(anonymous_425)
FNDA:0,(anonymous_426)
FNDA:0,(anonymous_427)
FNDA:0,(anonymous_428)
FNDA:0,(anonymous_429)
FNDA:0,(anonymous_430)
FNDA:0,(anonymous_431)
FNDA:0,(anonymous_432)
FNDA:0,(anonymous_433)
FNDA:0,(anonymous_434)
FNDA:0,(anonymous_435)
FNDA:0,(anonymous_436)
FNDA:0,(anonymous_437)
FNDA:0,(anonymous_438)
FNDA:0,(anonymous_439)
FNDA:0,(anonymous_440)
FNDA:0,(anonymous_441)
FNDA:0,(anonymous_442)
FNDA:0,(anonymous_443)
FNDA:0,(anonymous_444)
FNDA:0,(anonymous_445)
FNDA:0,(anonymous_446)
FNDA:0,(anonymous_447)
FNDA:0,(anonymous_448)
FNDA:0,(anonymous_449)
FNDA:0,(anonymous_450)
FNDA:0,(anonymous_451)
FNDA:0,(anonymous_452)
FNDA:0,(anonymous_453)
FNDA:0,(anonymous_454)
FNDA:0,(anonymous_455)
FNDA:0,(anonymous_456)
FNDA:0,(anonymous_457)
FNDA:0,(anonymous_458)
FNDA:0,(anonymous_459)
FNDA:0,(anonymous_460)
FNDA:0,(anonymous_461)
FNDA:0,(anonymous_462)
FNDA:0,i
FNDA:0,s
FNDA:0,a
FNDA:0,c
FNDA:0,u
FNDA:0,l
FNDA:0,(anonymous_469)
FNDA:0,(anonymous_470)
FNDA:0,(anonymous_471)
FNDA:0,(anonymous_472)
FNDA:0,(anonymous_473)
FNDA:0,(anonymous_474)
FNDA:0,(anonymous_475)
FNDA:0,(anonymous_476)
FNDA:0,(anonymous_477)
FNDA:0,o
FNDA:0,(anonymous_479)
FNDA:0,(anonymous_480)
FNDA:0,(anonymous_481)
FNDA:0,(anonymous_482)
FNDA:0,(anonymous_483)
FNDA:0,(anonymous_484)
FNDA:0,(anonymous_485)
FNDA:0,(anonymous_486)
FNDA:0,(anonymous_487)
FNDA:0,(anonymous_488)
FNDA:0,(anonymous_489)
FNDA:0,(anonymous_490)
FNDA:0,(anonymous_491)
FNDA:0,(anonymous_492)
FNDA:0,(anonymous_493)
FNDA:0,(anonymous_494)
FNDA:0,d
FNDA:0,m
FNDA:0,y
FNDA:0,g
FNDA:0,_
FNDA:0,v
FNDA:0,(anonymous_501)
FNDA:0,(anonymous_502)
FNDA:0,(anonymous_503)
FNDA:0,(anonymous_504)
FNDA:0,(anonymous_505)
FNDA:0,(anonymous_506)
FNDA:0,e
FNDA:0,(anonymous_508)
FNDA:0,(anonymous_509)
FNDA:0,(anonymous_510)
FNDA:0,(anonymous_511)
FNDA:0,(anonymous_512)
FNDA:0,(anonymous_513)
FNDA:0,e
FNDA:0,(anonymous_515)
FNDA:0,(anonymous_516)
FNDA:0,(anonymous_517)
FNDA:0,(anonymous_518)
FNDA:0,(anonymous_519)
FNDA:0,(anonymous_520)
FNDA:0,(anonymous_521)
FNDA:0,(anonymous_522)
FNDA:0,(anonymous_523)
FNDA:0,(anonymous_524)
FNDA:0,(anonymous_525)
FNDA:0,(anonymous_526)
FNDA:0,(anonymous_527)
FNDA:0,(anonymous_528)
FNDA:0,(anonymous_529)
FNDA:0,(anonymous_530)
FNDA:0,(anonymous_531)
FNDA:0,(anonymous_532)
FNDA:0,(anonymous_533)
FNDA:0,(anonymous_534)
FNDA:0,(anonymous_535)
FNDA:0,(anonymous_536)
FNDA:0,(anonymous_537)
FNDA:0,(anonymous_538)
FNDA:0,(anonymous_539)
FNDA:0,(anonymous_540)
FNDA:0,(anonymous_541)
FNDA:0,(anonymous_542)
FNDA:0,(anonymous_543)
FNDA:0,(anonymous_544)
FNDA:0,(anonymous_545)
FNDA:0,(anonymous_546)
FNDA:0,(anonymous_547)
FNDA:0,(anonymous_548)
FNDA:0,(anonymous_549)
FNDA:0,(anonymous_550)
FNDA:0,(anonymous_551)
FNDA:0,(anonymous_552)
FNDA:0,f
FNDA:0,p
FNDA:0,(anonymous_555)
FNDA:0,(anonymous_556)
FNDA:0,(anonymous_557)
FNDA:0,(anonymous_558)
FNDA:0,(anonymous_559)
FNDA:0,(anonymous_560)
FNDA:0,(anonymous_561)
FNDA:0,i
FNDA:0,(anonymous_563)
FNDA:0,(anonymous_564)
FNDA:0,(anonymous_565)
FNDA:0,(anonymous_566)
FNDA:0,(anonymous_567)
FNDA:0,c
FNDA:0,(anonymous_569)
FNDA:0,(anonymous_570)
FNDA:0,(anonymous_571)
FNDA:0,(anonymous_572)
FNDA:0,c
FNDA:0,(anonymous_574)
FNDA:0,(anonymous_575)
FNDA:0,(anonymous_576)
FNDA:0,f
FNDA:0,(anonymous_578)
FNDA:0,(anonymous_579)
FNDA:0,(anonymous_580)
FNDA:0,(anonymous_581)
FNDA:0,(anonymous_582)
FNDA:0,(anonymous_583)
FNDA:0,(anonymous_584)
FNDA:0,(anonymous_585)
FNDA:0,(anonymous_586)
FNDA:0,(anonymous_587)
FNDA:0,(anonymous_588)
FNDA:0,(anonymous_589)
FNDA:0,(anonymous_590)
FNDA:0,(anonymous_591)
FNDA:0,(anonymous_592)
FNDA:0,n
FNDA:0,(anonymous_594)
FNDA:0,e
FNDA:0,(anonymous_596)
FNDA:0,(anonymous_597)
FNDA:0,(anonymous_598)
FNDA:0,(anonymous_599)
FNDA:0,(anonymous_600)
FNDA:0,(anonymous_601)
FNDA:0,(anonymous_602)
FNDA:0,(anonymous_603)
FNDA:0,(anonymous_604)
FNDA:0,(anonymous_605)
FNDA:0,(anonymous_606)
FNDA:0,(anonymous_607)
FNDA:0,(anonymous_608)
FNDA:0,(anonymous_609)
FNDA:0,(anonymous_610)
FNDA:0,(anonymous_611)
FNDA:0,(anonymous_612)
FNDA:0,(anonymous_613)
FNDA:0,(anonymous_614)
FNDA:0,(anonymous_615)
FNDA:0,(anonymous_616)
FNDA:0,(anonymous_617)
FNDA:0,(anonymous_618)
FNDA:0,(anonymous_619)
FNDA:0,(anonymous_620)
FNDA:0,(anonymous_621)
FNDA:0,(anonymous_622)
FNDA:0,(anonymous_623)
FNDA:0,(anonymous_624)
FNDA:0,(anonymous_625)
FNDA:0,(anonymous_626)
FNDA:0,(anonymous_627)
FNDA:0,(anonymous_628)
FNDA:0,(anonymous_629)
FNDA:0,(anonymous_630)
FNDA:0,(anonymous_631)
FNDA:0,(anonymous_632)
FNDA:0,(anonymous_633)
FNDA:0,(anonymous_634)
FNDA:0,(anonymous_635)
FNDA:0,(anonymous_636)
FNDA:0,(anonymous_637)
FNDA:0,(anonymous_638)
FNDA:0,(anonymous_639)
FNDA:0,(anonymous_640)
FNDA:0,(anonymous_641)
FNDA:0,(anonymous_642)
FNDA:0,(anonymous_643)
FNDA:0,(anonymous_644)
FNDA:0,(anonymous_645)
FNDA:0,(anonymous_646)
FNDA:0,(anonymous_647)
FNDA:0,(anonymous_648)
FNDA:0,(anonymous_649)
FNDA:0,(anonymous_650)
FNDA:0,(anonymous_651)
FNDA:0,(anonymous_652)
FNDA:0,(anonymous_653)
FNDA:0,(anonymous_654)
FNDA:0,(anonymous_655)
FNDA:0,(anonymous_656)
FNDA:0,(anonymous_657)
FNDA:0,(anonymous_658)
FNDA:0,(anonymous_659)
FNDA:0,(anonymous_660)
FNDA:0,(anonymous_661)
FNDA:0,a
FNDA:0,(anonymous_663)
FNDA:0,(anonymous_664)
FNDA:0,(anonymous_665)
FNDA:0,(anonymous_666)
FNDA:0,(anonymous_667)
FNDA:0,(anonymous_668)
FNDA:0,(anonymous_669)
FNDA:0,(anonymous_670)
FNDA:0,(anonymous_671)
FNDA:0,(anonymous_672)
FNDA:0,(anonymous_673)
FNDA:0,(anonymous_674)
FNDA:0,(anonymous_675)
DA:1,0
DA:12,0
DA:18,0
LF:3
LH:0
BRDA:1,0,0,0
BRDA:1,0,1,0
BRDA:1,1,0,0
BRDA:1,1,1,0
BRDA:1,2,0,0
BRDA:1,2,1,0
BRDA:1,3,0,0
BRDA:1,3,1,0
BRDA:1,4,0,0
BRDA:1,4,1,0
BRDA:1,5,0,0
BRDA:1,5,1,0
BRDA:1,6,0,0
BRDA:1,6,1,0
BRDA:1,7,0,0
BRDA:1,7,1,0
BRDA:1,7,2,0
BRDA:1,8,0,0
BRDA:1,8,1,0
BRDA:1,9,0,0
BRDA:1,9,1,0
BRDA:1,10,0,0
BRDA:1,10,1,0
BRDA:1,11,0,0
BRDA:1,11,1,0
BRDA:1,11,2,0
BRDA:1,11,3,0
BRDA:1,12,0,0
BRDA:1,12,1,0
BRDA:1,13,0,0
BRDA:1,13,1,0
BRDA:1,14,0,0
BRDA:1,14,1,0
BRDA:1,15,0,0
BRDA:1,15,1,0
BRDA:1,16,0,0
BRDA:1,16,1,0
BRDA:1,17,0,0
BRDA:1,17,1,0
BRDA:1,18,0,0
BRDA:1,18,1,0
BRDA:1,19,0,0
BRDA:1,19,1,0
BRDA:1,19,2,0
BRDA:1,20,0,0
BRDA:1,20,1,0
BRDA:1,21,0,0
BRDA:1,21,1,0
BRDA:1,22,0,0
BRDA:1,22,1,0
BRDA:1,23,0,0
BRDA:1,23,1,0
BRDA:1,24,0,0
BRDA:1,24,1,0
BRDA:1,25,0,0
BRDA:1,25,1,0
BRDA:1,26,0,0
BRDA:1,26,1,0
BRDA:1,27,0,0
BRDA:1,27,1,0
BRDA:1,28,0,0
BRDA:1,28,1,0
BRDA:1,29,0,0
BRDA:1,29,1,0
BRDA:1,30,0,0
BRDA:1,30,1,0
BRDA:1,31,0,0
BRDA:1,31,1,0
BRDA:1,32,0,0
BRDA:1,32,1,0
BRDA:1,33,0,0
BRDA:1,33,1,0
BRDA:1,34,0,0
BRDA:1,34,1,0
BRDA:1,35,0,0
BRDA:1,35,1,0
BRDA:1,36,0,0
BRDA:1,36,1,0
BRDA:1,37,0,0
BRDA:1,37,1,0
BRDA:1,38,0,0
BRDA:1,38,1,0
BRDA:1,39,0,0
BRDA:1,39,1,0
BRDA:1,40,0,0
BRDA:1,40,1,0
BRDA:1,41,0,0
BRDA:1,41,1,0
BRDA:1,42,0,0
BRDA:1,42,1,0
BRDA:1,43,0,0
BRDA:1,43,1,0
BRDA:1,44,0,0
BRDA:1,44,1,0
BRDA:1,45,0,0
BRDA:1,45,1,0
BRDA:1,46,0,0
BRDA:1,46,1,0
BRDA:1,47,0,0
BRDA:1,47,1,0
BRDA:1,48,0,0
BRDA:1,48,1,0
BRDA:1,49,0,0
BRDA:1,49,1,0
BRDA:1,50,0,0
BRDA:1,50,1,0
BRDA:1,51,0,0
BRDA:1,51,1,0
BRDA:1,51,2,0
BRDA:1,52,0,0
BRDA:1,52,1,0
BRDA:1,52,2,0
BRDA:1,53,0,0
BRDA:1,53,1,0
BRDA:1,54,0,0
BRDA:1,55,0,0
BRDA:1,55,1,0
BRDA:1,56,0,0
BRDA:1,56,1,0
BRDA:1,57,0,0
BRDA:1,57,1,0
BRDA:1,58,0,0
BRDA:1,58,1,0
BRDA:1,59,0,0
BRDA:1,59,1,0
BRDA:1,60,0,0
BRDA:1,60,1,0
BRDA:1,61,0,0
BRDA:1,61,1,0
BRDA:1,62,0,0
BRDA:1,62,1,0
BRDA:1,63,0,0
BRDA:1,63,1,0
BRDA:1,64,0,0
BRDA:1,64,1,0
BRDA:1,65,0,0
BRDA:1,65,1,0
BRDA:1,66,0,0
BRDA:1,66,1,0
BRDA:1,67,0,0
BRDA:1,67,1,0
BRDA:1,68,0,0
BRDA:1,68,1,0
BRDA:1,69,0,0
BRDA:1,69,1,0
BRDA:1,70,0,0
BRDA:1,70,1,0
BRDA:1,71,0,0
BRDA:1,71,1,0
BRDA:1,71,2,0
BRDA:1,72,0,0
BRDA:1,72,1,0
BRDA:1,73,0,0
BRDA:1,73,1,0
BRDA:1,73,2,0
BRDA:1,73,3,0
BRDA:1,74,0,0
BRDA:1,74,1,0
BRDA:1,74,2,0
BRDA:1,74,3,0
BRDA:1,75,0,0
BRDA:1,75,1,0
BRDA:1,75,2,0
BRDA:1,75,3,0
BRDA:1,76,0,0
BRDA:1,76,1,0
BRDA:1,77,0,0
BRDA:1,77,1,0
BRDA:1,78,0,0
BRDA:1,79,0,0
BRDA:1,79,1,0
BRDA:1,80,0,0
BRDA:1,80,1,0
BRDA:1,81,0,0
BRDA:1,81,1,0
BRDA:1,82,0,0
BRDA:1,82,1,0
BRDA:1,83,0,0
BRDA:1,83,1,0
BRDA:1,84,0,0
BRDA:1,84,1,0
BRDA:1,85,0,0
BRDA:1,85,1,0
BRDA:1,86,0,0
BRDA:1,86,1,0
BRDA:1,87,0,0
BRDA:1,87,1,0
BRDA:1,88,0,0
BRDA:1,88,1,0
BRDA:1,88,2,0
BRDA:1,89,0,0
BRDA:1,89,1,0
BRDA:1,90,0,0
BRDA:1,90,1,0
BRDA:1,91,0,0
BRDA:1,91,1,0
BRDA:1,92,0,0
BRDA:1,92,1,0
BRDA:1,93,0,0
BRDA:1,93,1,0
BRDA:1,93,2,0
BRDA:1,94,0,0
BRDA:1,94,1,0
BRDA:1,95,0,0
BRDA:1,95,1,0
BRDA:1,96,0,0
BRDA:1,96,1,0
BRDA:1,97,0,0
BRDA:1,97,1,0
BRDA:1,98,0,0
BRDA:1,98,1,0
BRDA:1,99,0,0
BRDA:1,99,1,0
BRDA:1,99,2,0
BRDA:1,100,0,0
BRDA:1,100,1,0
BRDA:1,100,2,0
BRDA:1,101,0,0
BRDA:1,101,1,0
BRDA:1,101,2,0
BRDA:1,102,0,0
BRDA:1,102,1,0
BRDA:1,103,0,0
BRDA:1,103,1,0
BRDA:1,104,0,0
BRDA:1,104,1,0
BRDA:1,105,0,0
BRDA:1,105,1,0
BRDA:1,106,0,0
BRDA:1,106,1,0
BRDA:1,107,0,0
BRDA:1,107,1,0
BRDA:1,108,0,0
BRDA:1,108,1,0
BRDA:1,109,0,0
BRDA:1,109,1,0
BRDA:1,110,0,0
BRDA:1,110,1,0
BRDA:1,111,0,0
BRDA:1,111,1,0
BRDA:1,112,0,0
BRDA:1,112,1,0
BRDA:1,113,0,0
BRDA:1,113,1,0
BRDA:1,114,0,0
BRDA:1,114,1,0
BRDA:1,115,0,0
BRDA:1,115,1,0
BRDA:1,116,0,0
BRDA:1,116,1,0
BRDA:1,117,0,0
BRDA:1,117,1,0
BRDA:1,118,0,0
BRDA:1,118,1,0
BRDA:1,119,0,0
BRDA:1,119,1,0
BRDA:1,120,0,0
BRDA:1,120,1,0
BRDA:1,121,0,0
BRDA:1,121,1,0
BRDA:1,121,2,0
BRDA:1,122,0,0
BRDA:1,122,1,0
BRDA:1,123,0,0
BRDA:1,123,1,0
BRDA:1,124,0,0
BRDA:1,124,1,0
BRDA:1,125,0,0
BRDA:1,125,1,0
BRDA:1,126,0,0
BRDA:1,126,1,0
BRDA:1,127,0,0
BRDA:1,127,1,0
BRDA:1,128,0,0
BRDA:1,128,1,0
BRDA:1,129,0,0
BRDA:1,129,1,0
BRDA:1,130,0,0
BRDA:1,130,1,0
BRDA:1,131,0,0
BRDA:1,131,1,0
BRDA:1,132,0,0
BRDA:1,132,1,0
BRDA:1,133,0,0
BRDA:1,133,1,0
BRDA:1,134,0,0
BRDA:1,134,1,0
BRDA:1,135,0,0
BRDA:1,135,1,0
BRDA:1,135,2,0
BRDA:1,135,3,0
BRDA:1,136,0,0
BRDA:1,136,1,0
BRDA:1,137,0,0
BRDA:1,137,1,0
BRDA:1,138,0,0
BRDA:1,138,1,0
BRDA:1,139,0,0
BRDA:1,139,1,0
BRDA:1,139,2,0
BRDA:1,139,3,0
BRDA:1,140,0,0
BRDA:1,140,1,0
BRDA:1,141,0,0
BRDA:1,141,1,0
BRDA:1,142,0,0
BRDA:1,142,1,0
BRDA:1,143,0,0
BRDA:1,143,1,0
BRDA:1,144,0,0
BRDA:1,144,1,0
BRDA:1,145,0,0
BRDA:1,145,1,0
BRDA:1,146,0,0
BRDA:1,146,1,0
BRDA:1,147,0,0
BRDA:1,147,1,0
BRDA:1,148,0,0
BRDA:1,148,1,0
BRDA:1,149,0,0
BRDA:1,149,1,0
BRDA:1,150,0,0
BRDA:1,150,1,0
BRDA:1,151,0,0
BRDA:1,151,1,0
BRDA:1,152,0,0
BRDA:1,152,1,0
BRDA:1,153,0,0
BRDA:1,153,1,0
BRDA:1,154,0,0
BRDA:1,154,1,0
BRDA:1,155,0,0
BRDA:1,155,1,0
BRDA:1,156,0,0
BRDA:1,156,1,0
BRDA:1,157,0,0
BRDA:1,157,1,0
BRDA:1,158,0,0
BRDA:1,158,1,0
BRDA:1,159,0,0
BRDA:1,159,1,0
BRDA:1,160,0,0
BRDA:1,160,1,0
BRDA:1,161,0,0
BRDA:1,161,1,0
BRDA:1,162,0,0
BRDA:1,162,1,0
BRDA:1,162,2,0
BRDA:1,163,0,0
BRDA:1,163,1,0
BRDA:1,164,0,0
BRDA:1,164,1,0
BRDA:1,165,0,0
BRDA:1,165,1,0
BRDA:1,166,0,0
BRDA:1,166,1,0
BRDA:1,167,0,0
BRDA:1,167,1,0
BRDA:1,168,0,0
BRDA:1,168,1,0
BRDA:1,169,0,0
BRDA:1,169,1,0
BRDA:1,170,0,0
BRDA:1,170,1,0
BRDA:1,171,0,0
BRDA:1,171,1,0
BRDA:1,172,0,0
BRDA:1,172,1,0
BRDA:1,173,0,0
BRDA:1,173,1,0
BRDA:1,174,0,0
BRDA:1,174,1,0
BRDA:1,175,0,0
BRDA:1,175,1,0
BRDA:1,176,0,0
BRDA:1,176,1,0
BRDA:1,177,0,0
BRDA:1,177,1,0
BRDA:1,178,0,0
BRDA:1,178,1,0
BRDA:1,179,0,0
BRDA:1,179,1,0
BRDA:1,180,0,0
BRDA:1,180,1,0
BRDA:1,181,0,0
BRDA:1,181,1,0
BRDA:1,182,0,0
BRDA:1,182,1,0
BRDA:1,183,0,0
BRDA:1,183,1,0
BRDA:1,183,2,0
BRDA:1,184,0,0
BRDA:1,184,1,0
BRDA:1,185,0,0
BRDA:1,185,1,0
BRDA:1,185,2,0
BRDA:1,186,0,0
BRDA:1,186,1,0
BRDA:1,187,0,0
BRDA:1,187,1,0
BRDA:1,188,0,0
BRDA:1,188,1,0
BRDA:1,189,0,0
BRDA:1,189,1,0
BRDA:1,190,0,0
BRDA:1,190,1,0
BRDA:1,191,0,0
BRDA:1,191,1,0
BRDA:1,192,0,0
BRDA:1,192,1,0
BRDA:1,193,0,0
BRDA:1,193,1,0
BRDA:1,194,0,0
BRDA:1,194,1,0
BRDA:1,195,0,0
BRDA:1,195,1,0
BRDA:1,196,0,0
BRDA:1,196,1,0
BRDA:1,197,0,0
BRDA:1,197,1,0
BRDA:1,198,0,0
BRDA:1,198,1,0
BRDA:1,199,0,0
BRDA:1,199,1,0
BRDA:1,200,0,0
BRDA:1,200,1,0
BRDA:1,201,0,0
BRDA:1,201,1,0
BRDA:1,202,0,0
BRDA:1,202,1,0
BRDA:1,203,0,0
BRDA:1,203,1,0
BRDA:1,204,0,0
BRDA:1,204,1,0
BRDA:1,205,0,0
BRDA:1,205,1,0
BRDA:1,206,0,0
BRDA:1,206,1,0
BRDA:1,207,0,0
BRDA:1,207,1,0
BRDA:1,208,0,0
BRDA:1,208,1,0
BRDA:1,209,0,0
BRDA:1,209,1,0
BRDA:1,210,0,0
BRDA:1,210,1,0
BRDA:1,211,0,0
BRDA:1,211,1,0
BRDA:1,212,0,0
BRDA:1,212,1,0
BRDA:1,212,2,0
BRDA:1,213,0,0
BRDA:1,213,1,0
BRDA:1,214,0,0
BRDA:1,214,1,0
BRDA:1,215,0,0
BRDA:1,215,1,0
BRDA:1,216,0,0
BRDA:1,216,1,0
BRDA:1,217,0,0
BRDA:1,217,1,0
BRDA:1,218,0,0
BRDA:1,218,1,0
BRDA:1,219,0,0
BRDA:1,219,1,0
BRDA:1,220,0,0
BRDA:1,220,1,0
BRDA:1,221,0,0
BRDA:1,221,1,0
BRDA:1,222,0,0
BRDA:1,222,1,0
BRDA:1,223,0,0
BRDA:1,223,1,0
BRDA:1,224,0,0
BRDA:1,224,1,0
BRDA:1,225,0,0
BRDA:1,225,1,0
BRDA:1,226,0,0
BRDA:1,226,1,0
BRDA:1,227,0,0
BRDA:1,227,1,0
BRDA:1,228,0,0
BRDA:1,228,1,0
BRDA:1,229,0,0
BRDA:1,229,1,0
BRDA:1,230,0,0
BRDA:1,230,1,0
BRDA:1,231,0,0
BRDA:1,231,1,0
BRDA:1,232,0,0
BRDA:1,232,1,0
BRDA:1,233,0,0
BRDA:1,233,1,0
BRDA:1,234,0,0
BRDA:1,234,1,0
BRDA:1,235,0,0
BRDA:1,235,1,0
BRDA:1,236,0,0
BRDA:1,236,1,0
BRDA:1,237,0,0
BRDA:1,237,1,0
BRDA:1,238,0,0
BRDA:1,238,1,0
BRDA:1,239,0,0
BRDA:1,239,1,0
BRDA:1,240,0,0
BRDA:1,240,1,0
BRDA:1,241,0,0
BRDA:1,241,1,0
BRDA:1,242,0,0
BRDA:1,242,1,0
BRDA:1,242,2,0
BRDA:1,243,0,0
BRDA:1,243,1,0
BRDA:1,244,0,0
BRDA:1,244,1,0
BRDA:1,245,0,0
BRDA:1,245,1,0
BRDA:1,246,0,0
BRDA:1,246,1,0
BRDA:1,247,0,0
BRDA:1,247,1,0
BRDA:1,248,0,0
BRDA:1,248,1,0
BRDA:1,249,0,0
BRDA:1,249,1,0
BRDA:1,250,0,0
BRDA:1,250,1,0
BRDA:1,251,0,0
BRDA:1,251,1,0
BRDA:1,252,0,0
BRDA:1,252,1,0
BRDA:1,252,2,0
BRDA:1,252,3,0
BRDA:1,252,4,0
BRDA:1,253,0,0
BRDA:1,253,1,0
BRDA:1,254,0,0
BRDA:1,254,1,0
BRDA:1,255,0,0
BRDA:1,255,1,0
BRDA:1,256,0,0
BRDA:1,256,1,0
BRDA:1,257,0,0
BRDA:1,257,1,0
BRDA:1,258,0,0
BRDA:1,258,1,0
BRDA:1,259,0,0
BRDA:1,259,1,0
BRDA:1,260,0,0
BRDA:1,260,1,0
BRDA:1,261,0,0
BRDA:1,261,1,0
BRDA:1,262,0,0
BRDA:1,262,1,0
BRDA:1,262,2,0
BRDA:1,263,0,0
BRDA:1,263,1,0
BRDA:1,264,0,0
BRDA:1,264,1,0
BRDA:1,264,2,0
BRDA:1,264,3,0
BRDA:1,265,0,0
BRDA:1,265,1,0
BRDA:1,266,0,0
BRDA:1,266,1,0
BRDA:1,267,0,0
BRDA:1,267,1,0
BRDA:1,268,0,0
BRDA:1,268,1,0
BRDA:1,269,0,0
BRDA:1,269,1,0
BRDA:1,270,0,0
BRDA:1,270,1,0
BRDA:1,271,0,0
BRDA:1,271,1,0
BRDA:1,272,0,0
BRDA:1,272,1,0
BRDA:1,273,0,0
BRDA:1,273,1,0
BRDA:1,274,0,0
BRDA:1,274,1,0
BRDA:1,275,0,0
BRDA:1,275,1,0
BRDA:1,276,0,0
BRDA:1,276,1,0
BRDA:1,277,0,0
BRDA:1,277,1,0
BRDA:1,278,0,0
BRDA:1,278,1,0
BRDA:1,279,0,0
BRDA:1,279,1,0
BRDA:1,280,0,0
BRDA:1,280,1,0
BRDA:1,281,0,0
BRDA:1,281,1,0
BRDA:1,281,2,0
BRDA:1,281,3,0
BRDA:1,282,0,0
BRDA:1,282,1,0
BRDA:1,283,0,0
BRDA:1,283,1,0
BRDA:1,284,0,0
BRDA:1,284,1,0
BRDA:1,284,2,0
BRDA:1,284,3,0
BRDA:1,285,0,0
BRDA:1,285,1,0
BRDA:1,286,0,0
BRDA:1,286,1,0
BRDA:1,286,2,0
BRDA:1,286,3,0
BRDA:1,286,4,0
BRDA:1,286,5,0
BRDA:1,286,6,0
BRDA:1,287,0,0
BRDA:1,287,1,0
BRDA:1,288,0,0
BRDA:1,288,1,0
BRDA:1,289,0,0
BRDA:1,289,1,0
BRDA:1,290,0,0
BRDA:1,290,1,0
BRDA:1,291,0,0
BRDA:1,291,1,0
BRDA:1,292,0,0
BRDA:1,292,1,0
BRDA:1,293,0,0
BRDA:1,293,1,0
BRDA:1,294,0,0
BRDA:1,294,1,0
BRDA:1,295,0,0
BRDA:1,295,1,0
BRDA:1,296,0,0
BRDA:1,296,1,0
BRDA:1,297,0,0
BRDA:1,297,1,0
BRDA:1,298,0,0
BRDA:1,298,1,0
BRDA:1,299,0,0
BRDA:1,299,1,0
BRDA:1,300,0,0
BRDA:1,300,1,0
BRDA:1,301,0,0
BRDA:1,301,1,0
BRDA:1,302,0,0
BRDA:1,302,1,0
BRDA:1,303,0,0
BRDA:1,303,1,0
BRDA:1,304,0,0
BRDA:1,304,1,0
BRDA:1,305,0,0
BRDA:1,305,1,0
BRDA:1,306,0,0
BRDA:1,306,1,0
BRDA:1,307,0,0
BRDA:1,307,1,0
BRDA:1,308,0,0
BRDA:1,308,1,0
BRDA:1,309,0,0
BRDA:1,309,1,0
BRDA:1,310,0,0
BRDA:1,310,1,0
BRDA:1,311,0,0
BRDA:1,311,1,0
BRDA:1,312,0,0
BRDA:1,312,1,0
BRDA:1,313,0,0
BRDA:1,313,1,0
BRDA:1,314,0,0
BRDA:1,314,1,0
BRDA:1,315,0,0
BRDA:1,315,1,0
BRDA:1,316,0,0
BRDA:1,316,1,0
BRDA:1,317,0,0
BRDA:1,317,1,0
BRDA:1,317,2,0
BRDA:1,317,3,0
BRDA:1,318,0,0
BRDA:1,318,1,0
BRDA:1,319,0,0
BRDA:1,319,1,0
BRDA:1,320,0,0
BRDA:1,320,1,0
BRDA:1,321,0,0
BRDA:1,321,1,0
BRDA:1,322,0,0
BRDA:1,322,1,0
BRDA:1,323,0,0
BRDA:1,323,1,0
BRDA:1,324,0,0
BRDA:1,324,1,0
BRDA:1,325,0,0
BRDA:1,325,1,0
BRDA:1,325,2,0
BRDA:1,325,3,0
BRDA:1,326,0,0
BRDA:1,326,1,0
BRDA:1,327,0,0
BRDA:1,327,1,0
BRDA:1,328,0,0
BRDA:1,328,1,0
BRDA:1,329,0,0
BRDA:1,329,1,0
BRDA:1,330,0,0
BRDA:1,330,1,0
BRDA:1,331,0,0
BRDA:1,331,1,0
BRDA:1,332,0,0
BRDA:1,332,1,0
BRDA:1,333,0,0
BRDA:1,333,1,0
BRDA:1,334,0,0
BRDA:1,334,1,0
BRDA:1,335,0,0
BRDA:1,335,1,0
BRDA:1,335,2,0
BRDA:1,336,0,0
BRDA:1,336,1,0
BRDA:1,337,0,0
BRDA:1,337,1,0
BRDA:1,338,0,0
BRDA:1,338,1,0
BRDA:1,339,0,0
BRDA:1,339,1,0
BRDA:1,340,0,0
BRDA:1,340,1,0
BRDA:1,341,0,0
BRDA:1,341,1,0
BRDA:1,342,0,0
BRDA:1,342,1,0
BRDA:1,343,0,0
BRDA:1,343,1,0
BRDA:1,344,0,0
BRDA:1,344,1,0
BRDA:1,345,0,0
BRDA:1,345,1,0
BRDA:1,345,2,0
BRDA:1,346,0,0
BRDA:1,346,1,0
BRDA:1,347,0,0
BRDA:1,347,1,0
BRDA:1,347,2,0
BRDA:1,347,3,0
BRDA:1,348,0,0
BRDA:1,348,1,0
BRDA:1,349,0,0
BRDA:1,349,1,0
BRDA:1,349,2,0
BRDA:1,349,3,0
BRDA:1,349,4,0
BRDA:1,349,5,0
BRDA:1,349,6,0
BRDA:1,350,0,0
BRDA:1,350,1,0
BRDA:1,351,0,0
BRDA:1,351,1,0
BRDA:1,352,0,0
BRDA:1,352,1,0
BRDA:1,353,0,0
BRDA:1,353,1,0
BRDA:1,354,0,0
BRDA:1,354,1,0
BRDA:1,355,0,0
BRDA:1,355,1,0
BRDA:1,356,0,0
BRDA:1,356,1,0
BRDA:1,357,0,0
BRDA:1,357,1,0
BRDA:1,358,0,0
BRDA:1,358,1,0
BRDA:1,359,0,0
BRDA:1,359,1,0
BRDA:1,360,0,0
BRDA:1,360,1,0
BRDA:1,361,0,0
BRDA:1,361,1,0
BRDA:1,362,0,0
BRDA:1,362,1,0
BRDA:1,363,0,0
BRDA:1,363,1,0
BRDA:1,364,0,0
BRDA:1,364,1,0
BRDA:1,364,2,0
BRDA:1,364,3,0
BRDA:1,365,0,0
BRDA:1,365,1,0
BRDA:1,366,0,0
BRDA:1,366,1,0
BRDA:1,366,2,0
BRDA:1,367,0,0
BRDA:1,367,1,0
BRDA:1,368,0,0
BRDA:1,368,1,0
BRDA:1,369,0,0
BRDA:1,369,1,0
BRDA:1,370,0,0
BRDA:1,370,1,0
BRDA:1,370,2,0
BRDA:1,371,0,0
BRDA:1,371,1,0
BRDA:1,372,0,0
BRDA:1,372,1,0
BRDA:1,373,0,0
BRDA:1,373,1,0
BRDA:1,374,0,0
BRDA:1,374,1,0
BRDA:1,375,0,0
BRDA:1,375,1,0
BRDA:1,376,0,0
BRDA:1,376,1,0
BRDA:1,377,0,0
BRDA:1,377,1,0
BRDA:1,378,0,0
BRDA:1,378,1,0
BRDA:1,378,2,0
BRDA:1,379,0,0
BRDA:1,379,1,0
BRDA:1,380,0,0
BRDA:1,380,1,0
BRDA:1,381,0,0
BRDA:1,381,1,0
BRDA:1,382,0,0
BRDA:1,382,1,0
BRDA:1,383,0,0
BRDA:1,383,1,0
BRDA:1,384,0,0
BRDA:1,384,1,0
BRDA:1,385,0,0
BRDA:1,385,1,0
BRDA:1,386,0,0
BRDA:1,386,1,0
BRDA:1,387,0,0
BRDA:1,387,1,0
BRDA:1,388,0,0
BRDA:1,388,1,0
BRDA:1,389,0,0
BRDA:1,389,1,0
BRDA:1,390,0,0
BRDA:1,390,1,0
BRDA:1,391,0,0
BRDA:1,391,1,0
BRDA:1,392,0,0
BRDA:1,392,1,0
BRDA:1,393,0,0
BRDA:1,393,1,0
BRDA:1,394,0,0
BRDA:1,394,1,0
BRDA:1,395,0,0
BRDA:1,395,1,0
BRDA:1,396,0,0
BRDA:1,396,1,0
BRDA:1,397,0,0
BRDA:1,397,1,0
BRDA:1,398,0,0
BRDA:1,398,1,0
BRDA:1,399,0,0
BRDA:1,399,1,0
BRDA:1,400,0,0
BRDA:1,400,1,0
BRDA:1,401,0,0
BRDA:1,401,1,0
BRDA:1,402,0,0
BRDA:1,402,1,0
BRDA:1,403,0,0
BRDA:1,403,1,0
BRDA:1,404,0,0
BRDA:1,404,1,0
BRDA:1,405,0,0
BRDA:1,405,1,0
BRDA:1,406,0,0
BRDA:1,406,1,0
BRDA:1,407,0,0
BRDA:1,407,1,0
BRDA:1,408,0,0
BRDA:1,408,1,0
BRDA:1,409,0,0
BRDA:1,409,1,0
BRDA:1,410,0,0
BRDA:1,410,1,0
BRDA:1,411,0,0
BRDA:1,411,1,0
BRDA:1,412,0,0
BRDA:1,412,1,0
BRDA:1,413,0,0
BRDA:1,413,1,0
BRDA:1,414,0,0
BRDA:1,414,1,0
BRDA:1,415,0,0
BRDA:1,415,1,0
BRDA:1,416,0,0
BRDA:1,416,1,0
BRDA:1,417,0,0
BRDA:1,417,1,0
BRDA:1,417,2,0
BRDA:1,417,3,0
BRDA:1,417,4,0
BRDA:1,417,5,0
BRDA:1,417,6,0
BRDA:1,418,0,0
BRDA:1,418,1,0
BRDA:1,419,0,0
BRDA:1,419,1,0
BRDA:1,420,0,0
BRDA:1,420,1,0
BRDA:1,421,0,0
BRDA:1,421,1,0
BRDA:1,422,0,0
BRDA:1,422,1,0
BRDA:1,423,0,0
BRDA:1,423,1,0
BRDA:1,424,0,0
BRDA:1,424,1,0
BRDA:1,424,2,0
BRDA:1,425,0,0
BRDA:1,425,1,0
BRDA:1,426,0,0
BRDA:1,426,1,0
BRDA:1,426,2,0
BRDA:1,426,3,0
BRDA:1,427,0,0
BRDA:1,427,1,0
BRDA:1,428,0,0
BRDA:1,428,1,0
BRDA:1,428,2,0
BRDA:1,429,0,0
BRDA:1,429,1,0
BRDA:1,429,2,0
BRDA:1,430,0,0
BRDA:1,430,1,0
BRDA:1,431,0,0
BRDA:1,431,1,0
BRDA:1,432,0,0
BRDA:1,432,1,0
BRDA:1,433,0,0
BRDA:1,433,1,0
BRDA:1,434,0,0
BRDA:1,434,1,0
BRDA:1,435,0,0
BRDA:1,435,1,0
BRDA:1,436,0,0
BRDA:1,436,1,0
BRDA:1,437,0,0
BRDA:1,437,1,0
BRDA:1,438,0,0
BRDA:1,438,1,0
BRDA:1,439,0,0
BRDA:1,439,1,0
BRDA:1,440,0,0
BRDA:1,440,1,0
BRDA:1,441,0,0
BRDA:1,441,1,0
BRDA:1,442,0,0
BRDA:1,442,1,0
BRDA:1,443,0,0
BRDA:1,443,1,0
BRDA:1,444,0,0
BRDA:1,444,1,0
BRDA:1,445,0,0
BRDA:1,445,1,0
BRDA:1,446,0,0
BRDA:1,446,1,0
BRDA:1,446,2,0
BRDA:1,447,0,0
BRDA:1,447,1,0
BRDA:1,448,0,0
BRDA:1,448,1,0
BRDA:1,449,0,0
BRDA:1,449,1,0
BRDA:1,450,0,0
BRDA:1,450,1,0
BRDA:1,451,0,0
BRDA:1,451,1,0
BRDA:1,452,0,0
BRDA:1,452,1,0
BRDA:1,453,0,0
BRDA:1,453,1,0
BRDA:1,454,0,0
BRDA:1,454,1,0
BRDA:1,455,0,0
BRDA:1,455,1,0
BRDA:1,456,0,0
BRDA:1,456,1,0
BRDA:1,457,0,0
BRDA:1,457,1,0
BRDA:1,458,0,0
BRDA:1,458,1,0
BRDA:1,459,0,0
BRDA:1,459,1,0
BRDA:1,460,0,0
BRDA:1,460,1,0
BRDA:1,461,0,0
BRDA:1,461,1,0
BRDA:1,462,0,0
BRDA:1,462,1,0
BRDA:1,463,0,0
BRDA:1,463,1,0
BRDA:1,464,0,0
BRDA:1,464,1,0
BRDA:1,465,0,0
BRDA:1,465,1,0
BRDA:1,466,0,0
BRDA:1,466,1,0
BRDA:1,467,0,0
BRDA:1,467,1,0
BRDA:1,468,0,0
BRDA:1,468,1,0
BRDA:1,469,0,0
BRDA:1,469,1,0
BRDA:1,470,0,0
BRDA:1,470,1,0
BRDA:1,471,0,0
BRDA:1,471,1,0
BRDA:1,472,0,0
BRDA:1,472,1,0
BRDA:1,473,0,0
BRDA:1,473,1,0
BRDA:1,474,0,0
BRDA:1,474,1,0
BRDA:1,475,0,0
BRDA:1,475,1,0
BRDA:1,476,0,0
BRDA:1,476,1,0
BRDA:1,477,0,0
BRDA:1,477,1,0
BRDA:1,478,0,0
BRDA:1,478,1,0
BRDA:1,479,0,0
BRDA:1,479,1,0
BRDA:1,480,0,0
BRDA:1,480,1,0
BRDA:1,481,0,0
BRDA:1,481,1,0
BRDA:1,482,0,0
BRDA:1,482,1,0
BRDA:1,482,2,0
BRDA:1,482,3,0
BRDA:1,483,0,0
BRDA:1,483,1,0
BRDA:1,484,0,0
BRDA:1,484,1,0
BRDA:1,484,2,0
BRDA:1,485,0,0
BRDA:1,485,1,0
BRDA:1,486,0,0
BRDA:1,486,1,0
BRDA:1,486,2,0
BRDA:1,487,0,0
BRDA:1,487,1,0
BRDA:1,488,0,0
BRDA:1,488,1,0
BRDA:1,488,2,0
BRDA:1,488,3,0
BRDA:1,489,0,0
BRDA:1,489,1,0
BRDA:1,490,0,0
BRDA:1,490,1,0
BRDA:1,490,2,0
BRDA:1,490,3,0
BRDA:1,490,4,0
BRDA:1,490,5,0
BRDA:1,490,6,0
BRDA:1,490,7,0
BRDA:1,491,0,0
BRDA:1,491,1,0
BRDA:1,492,0,0
BRDA:1,492,1,0
BRDA:1,493,0,0
BRDA:1,493,1,0
BRDA:1,494,0,0
BRDA:1,494,1,0
BRDA:1,495,0,0
BRDA:1,495,1,0
BRDA:1,496,0,0
BRDA:1,496,1,0
BRDA:1,497,0,0
BRDA:1,497,1,0
BRDA:1,498,0,0
BRDA:1,498,1,0
BRDA:1,499,0,0
BRDA:1,499,1,0
BRDA:1,500,0,0
BRDA:1,500,1,0
BRDA:1,501,0,0
BRDA:1,501,1,0
BRDA:1,502,0,0
BRDA:1,502,1,0
BRDA:1,503,0,0
BRDA:1,503,1,0
BRDA:1,504,0,0
BRDA:1,504,1,0
BRDA:1,505,0,0
BRDA:1,505,1,0
BRDA:1,506,0,0
BRDA:1,506,1,0
BRDA:1,507,0,0
BRDA:1,507,1,0
BRDA:1,508,0,0
BRDA:1,508,1,0
BRDA:1,509,0,0
BRDA:1,509,1,0
BRDA:1,510,0,0
BRDA:1,510,1,0
BRDA:1,511,0,0
BRDA:1,511,1,0
BRDA:1,512,0,0
BRDA:1,512,1,0
BRDA:1,513,0,0
BRDA:1,513,1,0
BRDA:1,514,0,0
BRDA:1,514,1,0
BRDA:1,515,0,0
BRDA:1,515,1,0
BRDA:1,516,0,0
BRDA:1,516,1,0
BRDA:1,517,0,0
BRDA:1,517,1,0
BRDA:1,517,2,0
BRDA:1,518,0,0
BRDA:1,518,1,0
BRDA:1,519,0,0
BRDA:1,519,1,0
BRDA:1,519,2,0
BRDA:1,520,0,0
BRDA:1,520,1,0
BRDA:1,521,0,0
BRDA:1,521,1,0
BRDA:1,521,2,0
BRDA:1,521,3,0
BRDA:1,522,0,0
BRDA:1,522,1,0
BRDA:1,523,0,0
BRDA:1,523,1,0
BRDA:1,524,0,0
BRDA:1,524,1,0
BRDA:1,525,0,0
BRDA:1,525,1,0
BRDA:1,526,0,0
BRDA:1,526,1,0
BRDA:1,527,0,0
BRDA:1,527,1,0
BRDA:1,528,0,0
BRDA:1,528,1,0
BRDA:1,529,0,0
BRDA:1,529,1,0
BRDA:1,530,0,0
BRDA:1,530,1,0
BRDA:1,531,0,0
BRDA:1,531,1,0
BRDA:1,532,0,0
BRDA:1,532,1,0
BRDA:1,532,2,0
BRDA:1,533,0,0
BRDA:1,533,1,0
BRDA:1,533,2,0
BRDA:1,533,3,0
BRDA:1,534,0,0
BRDA:1,534,1,0
BRDA:1,535,0,0
BRDA:1,535,1,0
BRDA:1,536,0,0
BRDA:1,536,1,0
BRDA:1,537,0,0
BRDA:1,537,1,0
BRDA:1,538,0,0
BRDA:1,538,1,0
BRDA:1,539,0,0
BRDA:1,539,1,0
BRDA:1,540,0,0
BRDA:1,540,1,0
BRDA:1,541,0,0
BRDA:1,541,1,0
BRDA:1,542,0,0
BRDA:1,542,1,0
BRDA:1,543,0,0
BRDA:1,543,1,0
BRDA:1,544,0,0
BRDA:1,544,1,0
BRDA:1,545,0,0
BRDA:1,545,1,0
BRDA:1,546,0,0
BRDA:1,546,1,0
BRDA:1,547,0,0
BRDA:1,547,1,0
BRDA:1,548,0,0
BRDA:1,548,1,0
BRDA:1,549,0,0
BRDA:1,549,1,0
BRDA:1,549,2,0
BRDA:1,549,3,0
BRDA:1,549,4,0
BRDA:1,550,0,0
BRDA:1,550,1,0
BRDA:1,551,0,0
BRDA:1,551,1,0
BRDA:1,552,0,0
BRDA:1,552,1,0
BRDA:1,553,0,0
BRDA:1,553,1,0
BRDA:1,554,0,0
BRDA:1,554,1,0
BRDA:1,555,0,0
BRDA:1,555,1,0
BRDA:1,556,0,0
BRDA:1,556,1,0
BRDA:1,557,0,0
BRDA:1,557,1,0
BRDA:1,558,0,0
BRDA:1,558,1,0
BRDA:1,559,0,0
BRDA:1,559,1,0
BRDA:1,560,0,0
BRDA:1,560,1,0
BRDA:1,561,0,0
BRDA:1,561,1,0
BRDA:1,562,0,0
BRDA:1,562,1,0
BRDA:1,563,0,0
BRDA:1,563,1,0
BRDA:1,564,0,0
BRDA:1,564,1,0
BRDA:1,564,2,0
BRDA:1,565,0,0
BRDA:1,565,1,0
BRDA:1,566,0,0
BRDA:1,566,1,0
BRDA:1,567,0,0
BRDA:1,567,1,0
BRDA:1,568,0,0
BRDA:1,568,1,0
BRDA:1,569,0,0
BRDA:1,569,1,0
BRDA:1,570,0,0
BRDA:1,570,1,0
BRDA:1,571,0,0
BRDA:1,571,1,0
BRDA:1,572,0,0
BRDA:1,572,1,0
BRDA:1,573,0,0
BRDA:1,573,1,0
BRDA:1,574,0,0
BRDA:1,574,1,0
BRDA:1,575,0,0
BRDA:1,575,1,0
BRDA:1,576,0,0
BRDA:1,576,1,0
BRDA:1,577,0,0
BRDA:1,577,1,0
BRDA:1,578,0,0
BRDA:1,578,1,0
BRDA:1,579,0,0
BRDA:1,579,1,0
BRDA:1,580,0,0
BRDA:1,580,1,0
BRDA:1,581,0,0
BRDA:1,581,1,0
BRDA:1,582,0,0
BRDA:1,582,1,0
BRDA:1,583,0,0
BRDA:1,583,1,0
BRDA:1,584,0,0
BRDA:1,584,1,0
BRDA:1,585,0,0
BRDA:1,585,1,0
BRDA:1,586,0,0
BRDA:1,586,1,0
BRDA:1,587,0,0
BRDA:1,587,1,0
BRDA:1,588,0,0
BRDA:1,588,1,0
BRDA:1,589,0,0
BRDA:1,589,1,0
BRDA:1,590,0,0
BRDA:1,590,1,0
BRDA:1,591,0,0
BRDA:1,591,1,0
BRDA:1,592,0,0
BRDA:1,592,1,0
BRDA:1,593,0,0
BRDA:1,593,1,0
BRDA:1,594,0,0
BRDA:1,594,1,0
BRDA:1,595,0,0
BRDA:1,595,1,0
BRDA:1,596,0,0
BRDA:1,596,1,0
BRDA:1,597,0,0
BRDA:1,597,1,0
BRDA:1,598,0,0
BRDA:1,598,1,0
BRDA:1,599,0,0
BRDA:1,599,1,0
BRDA:1,600,0,0
BRDA:1,600,1,0
BRDA:1,601,0,0
BRDA:1,601,1,0
BRDA:1,602,0,0
BRDA:1,602,1,0
BRDA:1,603,0,0
BRDA:1,603,1,0
BRDA:1,604,0,0
BRDA:1,604,1,0
BRDA:1,605,0,0
BRDA:1,605,1,0
BRDA:1,606,0,0
BRDA:1,606,1,0
BRDA:1,607,0,0
BRDA:1,607,1,0
BRDA:1,608,0,0
BRDA:1,608,1,0
BRDA:1,609,0,0
BRDA:1,609,1,0
BRDA:1,610,0,0
BRDA:1,610,1,0
BRDA:1,611,0,0
BRDA:1,611,1,0
BRDA:1,612,0,0
BRDA:1,612,1,0
BRDA:1,613,0,0
BRDA:1,613,1,0
BRDA:1,614,0,0
BRDA:1,614,1,0
BRDA:1,615,0,0
BRDA:1,615,1,0
BRDA:1,616,0,0
BRDA:1,617,0,0
BRDA:1,618,0,0
BRDA:1,618,1,0
BRDA:1,619,0,0
BRDA:1,619,1,0
BRDA:1,620,0,0
BRDA:1,620,1,0
BRDA:1,621,0,0
BRDA:1,621,1,0
BRDA:1,622,0,0
BRDA:1,622,1,0
BRDA:1,623,0,0
BRDA:1,623,1,0
BRDA:1,624,0,0
BRDA:1,624,1,0
BRDA:1,625,0,0
BRDA:1,625,1,0
BRDA:1,626,0,0
BRDA:1,626,1,0
BRDA:1,627,0,0
BRDA:1,627,1,0
BRDA:1,628,0,0
BRDA:1,628,1,0
BRDA:1,629,0,0
BRDA:1,629,1,0
BRDA:1,630,0,0
BRDA:1,630,1,0
BRDA:1,631,0,0
BRDA:1,631,1,0
BRDA:1,632,0,0
BRDA:1,632,1,0
BRDA:1,633,0,0
BRDA:1,633,1,0
BRDA:1,634,0,0
BRDA:1,634,1,0
BRDA:1,635,0,0
BRDA:1,635,1,0
BRDA:1,636,0,0
BRDA:1,636,1,0
BRDA:1,637,0,0
BRDA:1,637,1,0
BRDA:1,638,0,0
BRDA:1,638,1,0
BRDA:1,639,0,0
BRDA:1,639,1,0
BRDA:1,640,0,0
BRDA:1,640,1,0
BRDA:1,641,0,0
BRDA:1,641,1,0
BRDA:1,642,0,0
BRDA:1,642,1,0
BRDA:1,643,0,0
BRDA:1,643,1,0
BRDA:1,644,0,0
BRDA:1,645,0,0
BRDA:1,645,1,0
BRDA:1,646,0,0
BRDA:1,646,1,0
BRDA:1,647,0,0
BRDA:1,647,1,0
BRDA:1,648,0,0
BRDA:1,648,1,0
BRDA:1,649,0,0
BRDA:1,649,1,0
BRDA:1,650,0,0
BRDA:1,650,1,0
BRDA:1,651,0,0
BRDA:1,651,1,0
BRDA:1,652,0,0
BRDA:1,652,1,0
BRDA:1,653,0,0
BRDA:1,653,1,0
BRDA:1,654,0,0
BRDA:1,655,0,0
BRDA:1,655,1,0
BRDA:1,656,0,0
BRDA:1,656,1,0
BRDA:1,657,0,0
BRDA:1,657,1,0
BRDA:1,658,0,0
BRDA:1,658,1,0
BRDA:1,659,0,0
BRDA:1,659,1,0
BRDA:1,660,0,0
BRDA:1,660,1,0
BRDA:1,661,0,0
BRDA:1,661,1,0
BRDA:1,662,0,0
BRDA:1,662,1,0
BRDA:1,663,0,0
BRDA:1,663,1,0
BRDA:1,664,0,0
BRDA:1,664,1,0
BRDA:1,665,0,0
BRDA:1,665,1,0
BRDA:1,666,0,0
BRDA:1,667,0,0
BRDA:1,667,1,0
BRDA:1,668,0,0
BRDA:1,668,1,0
BRDA:1,669,0,0
BRDA:1,669,1,0
BRDA:1,670,0,0
BRDA:1,670,1,0
BRDA:1,671,0,0
BRDA:1,671,1,0
BRDA:1,672,0,0
BRDA:1,672,1,0
BRDA:1,673,0,0
BRDA:1,673,1,0
BRDA:1,674,0,0
BRDA:1,674,1,0
BRDA:1,675,0,0
BRDA:1,675,1,0
BRDA:1,676,0,0
BRDA:1,676,1,0
BRDA:1,676,2,0
BRDA:1,677,0,0
BRDA:1,677,1,0
BRDA:1,678,0,0
BRDA:1,678,1,0
BRDA:1,679,0,0
BRDA:1,679,1,0
BRDA:1,679,2,0
BRDA:1,680,0,0
BRDA:1,680,1,0
BRDA:1,680,2,0
BRDA:1,681,0,0
BRDA:1,681,1,0
BRDA:1,682,0,0
BRDA:1,682,1,0
BRDA:1,683,0,0
BRDA:1,683,1,0
BRDA:1,684,0,0
BRDA:1,684,1,0
BRDA:1,684,2,0
BRDA:1,685,0,0
BRDA:1,685,1,0
BRDA:1,686,0,0
BRDA:1,686,1,0
BRDA:1,687,0,0
BRDA:1,687,1,0
BRDA:1,688,0,0
BRDA:1,688,1,0
BRDA:1,689,0,0
BRDA:1,689,1,0
BRDA:1,689,2,0
BRDA:1,690,0,0
BRDA:1,690,1,0
BRDA:1,691,0,0
BRDA:1,691,1,0
BRDA:1,692,0,0
BRDA:1,692,1,0
BRDA:1,693,0,0
BRDA:1,693,1,0
BRDA:1,694,0,0
BRDA:1,694,1,0
BRDA:1,695,0,0
BRDA:1,695,1,0
BRDA:1,696,0,0
BRDA:1,696,1,0
BRDA:1,697,0,0
BRDA:1,697,1,0
BRDA:1,698,0,0
BRDA:1,698,1,0
BRDA:1,699,0,0
BRDA:1,699,1,0
BRDA:1,700,0,0
BRDA:1,700,1,0
BRDA:1,701,0,0
BRDA:1,701,1,0
BRDA:1,702,0,0
BRDA:1,702,1,0
BRDA:1,703,0,0
BRDA:1,703,1,0
BRDA:1,704,0,0
BRDA:1,704,1,0
BRDA:1,705,0,0
BRDA:1,705,1,0
BRDA:1,706,0,0
BRDA:1,706,1,0
BRDA:1,707,0,0
BRDA:1,707,1,0
BRDA:1,707,2,0
BRDA:1,708,0,0
BRDA:1,708,1,0
BRDA:1,709,0,0
BRDA:1,709,1,0
BRDA:1,710,0,0
BRDA:1,710,1,0
BRDA:1,711,0,0
BRDA:1,711,1,0
BRDA:1,712,0,0
BRDA:1,712,1,0
BRDA:1,712,2,0
BRDA:1,712,3,0
BRDA:1,712,4,0
BRDA:1,712,5,0
BRDA:1,712,6,0
BRDA:1,712,7,0
BRDA:1,712,8,0
BRDA:1,712,9,0
BRDA:12,713,0,0
BRDA:12,713,1,0
BRDA:12,714,0,0
BRDA:12,714,1,0
BRDA:12,715,0,0
BRDA:12,715,1,0
BRDA:12,716,0,0
BRDA:12,716,1,0
BRDA:12,717,0,0
BRDA:12,717,1,0
BRDA:12,718,0,0
BRDA:12,718,1,0
BRDA:12,719,0,0
BRDA:12,719,1,0
BRDA:12,720,0,0
BRDA:12,720,1,0
BRDA:12,721,0,0
BRDA:12,721,1,0
BRDA:12,722,0,0
BRDA:12,722,1,0
BRDA:18,723,0,0
BRDA:18,723,1,0
BRDA:18,724,0,0
BRDA:18,724,1,0
BRDA:18,725,0,0
BRDA:18,725,1,0
BRDA:18,726,0,0
BRDA:18,726,1,0
BRDA:18,727,0,0
BRDA:18,727,1,0
BRDA:18,728,0,0
BRDA:18,728,1,0
BRDA:18,729,0,0
BRDA:18,729,1,0
BRDA:18,730,0,0
BRDA:18,730,1,0
BRDA:18,731,0,0
BRDA:18,731,1,0
BRDA:18,732,0,0
BRDA:18,732,1,0
BRDA:18,733,0,0
BRDA:18,733,1,0
BRDA:18,734,0,0
BRDA:18,734,1,0
BRDA:18,735,0,0
BRDA:18,735,1,0
BRDA:18,736,0,0
BRDA:18,736,1,0
BRDA:18,737,0,0
BRDA:18,737,1,0
BRDA:18,737,2,0
BRDA:18,738,0,0
BRDA:18,738,1,0
BRDA:18,739,0,0
BRDA:18,739,1,0
BRDA:18,740,0,0
BRDA:18,740,1,0
BRDA:18,741,0,0
BRDA:18,741,1,0
BRDA:18,742,0,0
BRDA:18,742,1,0
BRDA:18,743,0,0
BRDA:18,743,1,0
BRDA:18,744,0,0
BRDA:18,744,1,0
BRDA:18,745,0,0
BRDA:18,745,1,0
BRDA:18,746,0,0
BRDA:18,746,1,0
BRDA:18,747,0,0
BRDA:18,747,1,0
BRDA:18,748,0,0
BRDA:18,748,1,0
BRDA:18,749,0,0
BRDA:18,749,1,0
BRDA:18,750,0,0
BRDA:18,750,1,0
BRDA:18,751,0,0
BRDA:18,751,1,0
BRDA:18,752,0,0
BRDA:18,752,1,0
BRDA:18,753,0,0
BRDA:18,753,1,0
BRDA:18,754,0,0
BRDA:18,754,1,0
BRDA:18,755,0,0
BRDA:18,755,1,0
BRDA:18,756,0,0
BRDA:18,756,1,0
BRDA:18,757,0,0
BRDA:18,757,1,0
BRDA:18,758,0,0
BRDA:18,758,1,0
BRDA:18,759,0,0
BRDA:18,759,1,0
BRDA:18,759,2,0
BRDA:18,760,0,0
BRDA:18,760,1,0
BRDA:18,761,0,0
BRDA:18,761,1,0
BRDA:18,762,0,0
BRDA:18,762,1,0
BRDA:18,763,0,0
BRDA:18,763,1,0
BRDA:18,764,0,0
BRDA:18,764,1,0
BRDA:18,765,0,0
BRDA:18,765,1,0
BRDA:18,766,0,0
BRDA:18,766,1,0
BRDA:18,767,0,0
BRDA:18,767,1,0
BRDA:18,768,0,0
BRDA:18,768,1,0
BRDA:18,768,2,0
BRDA:18,769,0,0
BRDA:18,769,1,0
BRDA:18,769,2,0
BRDA:18,770,0,0
BRDA:18,770,1,0
BRDA:18,771,0,0
BRDA:18,771,1,0
BRDA:18,772,0,0
BRDA:18,772,1,0
BRDA:18,773,0,0
BRDA:18,773,1,0
BRDA:18,774,0,0
BRDA:18,774,1,0
BRDA:18,775,0,0
BRDA:18,775,1,0
BRDA:18,776,0,0
BRDA:18,776,1,0
BRDA:18,777,0,0
BRDA:18,777,1,0
BRDA:18,778,0,0
BRDA:18,778,1,0
BRDA:18,779,0,0
BRDA:18,779,1,0
BRDA:18,780,0,0
BRDA:18,780,1,0
BRDA:18,781,0,0
BRDA:18,781,1,0
BRDA:18,782,0,0
BRDA:18,782,1,0
BRDA:18,783,0,0
BRDA:18,783,1,0
BRDA:18,784,0,0
BRDA:18,784,1,0
BRDA:18,785,0,0
BRDA:18,785,1,0
BRDA:18,786,0,0
BRDA:18,786,1,0
BRDA:18,787,0,0
BRDA:18,787,1,0
BRDA:18,788,0,0
BRDA:18,788,1,0
BRDA:18,789,0,0
BRDA:18,790,0,0
BRDA:18,790,1,0
BRDA:18,791,0,0
BRDA:18,791,1,0
BRDA:18,792,0,0
BRDA:18,792,1,0
BRDA:18,793,0,0
BRDA:18,793,1,0
BRDA:18,793,2,0
BRDA:18,794,0,0
BRDA:18,794,1,0
BRDA:18,795,0,0
BRDA:18,795,1,0
BRDA:18,796,0,0
BRDA:18,796,1,0
BRDA:18,797,0,0
BRDA:18,797,1,0
BRDA:18,798,0,0
BRDA:18,798,1,0
BRDA:18,798,2,0
BRDA:18,798,3,0
BRDA:18,798,4,0
BRDA:18,799,0,0
BRDA:18,799,1,0
BRDA:18,800,0,0
BRDA:18,800,1,0
BRDA:18,801,0,0
BRDA:18,801,1,0
BRDA:18,801,2,0
BRDA:18,801,3,0
BRDA:18,801,4,0
BRDA:18,801,5,0
BRDA:18,802,0,0
BRDA:18,802,1,0
BRDA:18,803,0,0
BRDA:18,803,1,0
BRDA:18,804,0,0
BRDA:18,804,1,0
BRDA:18,805,0,0
BRDA:18,805,1,0
BRDA:18,805,2,0
BRDA:18,806,0,0
BRDA:18,806,1,0
BRDA:18,807,0,0
BRDA:18,807,1,0
BRDA:18,807,2,0
BRDA:18,808,0,0
BRDA:18,808,1,0
BRDA:18,809,0,0
BRDA:18,809,1,0
BRDA:18,810,0,0
BRDA:18,810,1,0
BRDA:18,811,0,0
BRDA:18,811,1,0
BRDA:18,812,0,0
BRDA:18,812,1,0
BRDA:18,813,0,0
BRDA:18,813,1,0
BRDA:18,814,0,0
BRDA:18,814,1,0
BRDA:18,815,0,0
BRDA:18,815,1,0
BRDA:18,816,0,0
BRDA:18,816,1,0
BRDA:18,817,0,0
BRDA:18,817,1,0
BRDA:18,818,0,0
BRDA:18,818,1,0
BRDA:18,819,0,0
BRDA:18,820,0,0
BRDA:18,820,1,0
BRDA:18,821,0,0
BRDA:18,821,1,0
BRDA:18,822,0,0
BRDA:18,822,1,0
BRDA:18,823,0,0
BRDA:18,823,1,0
BRDA:18,824,0,0
BRDA:18,824,1,0
BRDA:18,825,0,0
BRDA:18,825,1,0
BRDA:18,826,0,0
BRDA:18,826,1,0
BRDA:18,827,0,0
BRDA:18,827,1,0
BRDA:18,827,2,0
BRDA:18,828,0,0
BRDA:18,828,1,0
BRDA:18,829,0,0
BRDA:18,829,1,0
BRDA:18,830,0,0
BRDA:18,830,1,0
BRDA:18,831,0,0
BRDA:18,831,1,0
BRDA:18,832,0,0
BRDA:18,832,1,0
BRDA:18,833,0,0
BRDA:18,833,1,0
BRDA:18,834,0,0
BRDA:18,834,1,0
BRDA:18,835,0,0
BRDA:18,835,1,0
BRDA:18,836,0,0
BRDA:18,836,1,0
BRDA:18,837,0,0
BRDA:18,837,1,0
BRDA:18,838,0,0
BRDA:18,838,1,0
BRDA:18,839,0,0
BRDA:18,839,1,0
BRDA:18,840,0,0
BRDA:18,840,1,0
BRDA:18,841,0,0
BRDA:18,841,1,0
BRDA:18,841,2,0
BRDA:18,842,0,0
BRDA:18,842,1,0
BRDA:18,843,0,0
BRDA:18,843,1,0
BRF:1804
BRH:0
end_of_record
TN:
SF:/Users/dani/Code/eth-connect/coverage/block-navigation.js
FN:1,init
FN:16,toggleClass
FN:21,makeCurrent
FN:28,goToPrevious
FN:39,goToNext
FN:49,jump
FNF:6
FNH:0
FNDA:0,init
FNDA:0,toggleClass
FNDA:0,makeCurrent
FNDA:0,goToPrevious
FNDA:0,goToNext
FNDA:0,jump
DA:1,0
DA:3,0
DA:6,0
DA:9,0
DA:12,0
DA:17,0
DA:18,0
DA:22,0
DA:23,0
DA:24,0
DA:29,0
DA:30,0
DA:31,0
DA:32,0
DA:33,0
DA:36,0
DA:40,0
DA:42,0
DA:43,0
DA:46,0
DA:49,0
DA:50,0
DA:53,0
DA:54,0
DA:58,0
DA:59,0
DA:63,0
LF:27
LH:0
BRDA:30,0,0,0
BRDA:30,0,1,0
BRDA:30,1,0,0
BRDA:30,1,1,0
BRDA:32,2,0,0
BRDA:32,2,1,0
BRDA:42,3,0,0
BRDA:42,3,1,0
BRDA:42,4,0,0
BRDA:42,4,1,0
BRDA:50,5,0,0
BRDA:50,5,1,0
BRDA:50,5,2,0
BRDA:50,5,3,0
BRDA:50,5,4,0
BRF:15
BRH:0
end_of_record
TN:
SF:/Users/dani/Code/eth-connect/coverage/prettify.js
FN:1,(anonymous_0)
FN:1,k
FN:1,ab
FN:1,T
FN:1,X
FN:1,(anonymous_5)
FN:1,W
FN:1,(anonymous_7)
FN:1,a
FN:1,aa
FN:1,B
FN:1,o
FN:1,g
FN:1,(anonymous_13)
FN:1,(anonymous_14)
FN:1,i
FN:1,Q
FN:1,ae
FN:1,ad
FN:1,ai
FN:1,D
FN:1,c
FN:1,q
FN:1,d
FN:1,y
FN:1,b
FN:1,Y
FN:1,(anonymous_27)
FN:1,U
FNF:29
FNH:0
FNDA:0,(anonymous_0)
FNDA:0,k
FNDA:0,ab
FNDA:0,T
FNDA:0,X
FNDA:0,(anonymous_5)
FNDA:0,W
FNDA:0,(anonymous_7)
FNDA:0,a
FNDA:0,aa
FNDA:0,B
FNDA:0,o
FNDA:0,g
FNDA:0,(anonymous_13)
FNDA:0,(anonymous_14)
FNDA:0,i
FNDA:0,Q
FNDA:0,ae
FNDA:0,ad
FNDA:0,ai
FNDA:0,D
FNDA:0,c
FNDA:0,q
FNDA:0,d
FNDA:0,y
FNDA:0,b
FNDA:0,Y
FNDA:0,(anonymous_27)
FNDA:0,U
DA:1,0
LF:1
LH:0
BRDA:1,0,0,0
BRDA:1,0,1,0
BRDA:1,1,0,0
BRDA:1,1,1,0
BRDA:1,2,0,0
BRDA:1,2,1,0
BRDA:1,3,0,0
BRDA:1,3,1,0
BRDA:1,4,0,0
BRDA:1,4,1,0
BRDA:1,5,0,0
BRDA:1,5,1,0
BRDA:1,6,0,0
BRDA:1,6,1,0
BRDA:1,7,0,0
BRDA:1,7,1,0
BRDA:1,8,0,0
BRDA:1,8,1,0
BRDA:1,9,0,0
BRDA:1,9,1,0
BRDA:1,10,0,0
BRDA:1,10,1,0
BRDA:1,11,0,0
BRDA:1,11,1,0
BRDA:1,11,2,0
BRDA:1,11,3,0
BRDA:1,12,0,0
BRDA:1,12,1,0
BRDA:1,13,0,0
BRDA:1,13,1,0
BRDA:1,14,0,0
BRDA:1,14,1,0
BRDA:1,15,0,0
BRDA:1,15,1,0
BRDA:1,16,0,0
BRDA:1,16,1,0
BRDA:1,17,0,0
BRDA:1,17,1,0
BRDA:1,18,0,0
BRDA:1,18,1,0
BRDA:1,19,0,0
BRDA:1,19,1,0
BRDA:1,20,0,0
BRDA:1,20,1,0
BRDA:1,21,0,0
BRDA:1,21,1,0
BRDA:1,22,0,0
BRDA:1,22,1,0
BRDA:1,23,0,0
BRDA:1,23,1,0
BRDA:1,24,0,0
BRDA:1,24,1,0
BRDA:1,25,0,0
BRDA:1,25,1,0
BRDA:1,26,0,0
BRDA:1,26,1,0
BRDA:1,27,0,0
BRDA:1,27,1,0
BRDA:1,28,0,0
BRDA:1,28,1,0
BRDA:1,29,0,0
BRDA:1,29,1,0
BRDA:1,30,0,0
BRDA:1,30,1,0
BRDA:1,31,0,0
BRDA:1,31,1,0
BRDA:1,32,0,0
BRDA:1,32,1,0
BRDA:1,33,0,0
BRDA:1,33,1,0
BRDA:1,34,0,0
BRDA:1,34,1,0
BRDA:1,35,0,0
BRDA:1,35,1,0
BRDA:1,36,0,0
BRDA:1,36,1,0
BRDA:1,37,0,0
BRDA:1,37,1,0
BRDA:1,38,0,0
BRDA:1,38,1,0
BRDA:1,39,0,0
BRDA:1,39,1,0
BRDA:1,40,0,0
BRDA:1,40,1,0
BRDA:1,41,0,0
BRDA:1,41,1,0
BRDA:1,42,0,0
BRDA:1,42,1,0
BRDA:1,43,0,0
BRDA:1,43,1,0
BRDA:1,44,0,0
BRDA:1,44,1,0
BRDA:1,45,0,0
BRDA:1,45,1,0
BRDA:1,46,0,0
BRDA:1,46,1,0
BRDA:1,47,0,0
BRDA:1,47,1,0
BRDA:1,48,0,0
BRDA:1,48,1,0
BRDA:1,49,0,0
BRDA:1,49,1,0
BRDA:1,49,2,0
BRDA:1,50,0,0
BRDA:1,50,1,0
BRDA:1,51,0,0
BRDA:1,51,1,0
BRDA:1,52,0,0
BRDA:1,52,1,0
BRDA:1,53,0,0
BRDA:1,53,1,0
BRDA:1,54,0,0
BRDA:1,54,1,0
BRDA:1,55,0,0
BRDA:1,55,1,0
BRDA:1,56,0,0
BRDA:1,56,1,0
BRDA:1,57,0,0
BRDA:1,57,1,0
BRDA:1,58,0,0
BRDA:1,58,1,0
BRDA:1,59,0,0
BRDA:1,59,1,0
BRDA:1,60,0,0
BRDA:1,60,1,0
BRDA:1,61,0,0
BRDA:1,61,1,0
BRDA:1,62,0,0
BRDA:1,62,1,0
BRDA:1,63,0,0
BRDA:1,63,1,0
BRDA:1,64,0,0
BRDA:1,64,1,0
BRDA:1,65,0,0
BRDA:1,65,1,0
BRDA:1,66,0,0
BRDA:1,66,1,0
BRDA:1,67,0,0
BRDA:1,67,1,0
BRDA:1,68,0,0
BRDA:1,68,1,0
BRDA:1,69,0,0
BRDA:1,69,1,0
BRDA:1,70,0,0
BRDA:1,70,1,0
BRDA:1,71,0,0
BRDA:1,71,1,0
BRDA:1,72,0,0
BRDA:1,72,1,0
BRDA:1,73,0,0
BRDA:1,73,1,0
BRDA:1,74,0,0
BRDA:1,74,1,0
BRDA:1,75,0,0
BRDA:1,75,1,0
BRDA:1,76,0,0
BRDA:1,76,1,0
BRDA:1,77,0,0
BRDA:1,77,1,0
BRDA:1,78,0,0
BRDA:1,78,1,0
BRDA:1,79,0,0
BRDA:1,79,1,0
BRDA:1,80,0,0
BRDA:1,80,1,0
BRDA:1,81,0,0
BRDA:1,81,1,0
BRDA:1,82,0,0
BRDA:1,82,1,0
BRDA:1,83,0,0
BRDA:1,83,1,0
BRDA:1,84,0,0
BRDA:1,84,1,0
BRDA:1,85,0,0
BRDA:1,85,1,0
BRDA:1,86,0,0
BRDA:1,86,1,0
BRDA:1,87,0,0
BRDA:1,87,1,0
BRDA:1,88,0,0
BRDA:1,88,1,0
BRDA:1,88,2,0
BRDA:1,89,0,0
BRDA:1,89,1,0
BRDA:1,90,0,0
BRDA:1,90,1,0
BRDA:1,91,0,0
BRDA:1,91,1,0
BRDA:1,92,0,0
BRDA:1,92,1,0
BRDA:1,93,0,0
BRDA:1,93,1,0
BRDA:1,94,0,0
BRDA:1,94,1,0
BRDA:1,95,0,0
BRDA:1,95,1,0
BRDA:1,96,0,0
BRDA:1,96,1,0
BRDA:1,97,0,0
BRDA:1,97,1,0
BRDA:1,98,0,0
BRDA:1,98,1,0
BRDA:1,99,0,0
BRDA:1,99,1,0
BRDA:1,100,0,0
BRDA:1,100,1,0
BRDA:1,101,0,0
BRDA:1,101,1,0
BRDA:1,102,0,0
BRDA:1,102,1,0
BRDA:1,103,0,0
BRDA:1,103,1,0
BRDA:1,104,0,0
BRDA:1,104,1,0
BRDA:1,105,0,0
BRDA:1,105,1,0
BRDA:1,106,0,0
BRDA:1,106,1,0
BRDA:1,107,0,0
BRDA:1,107,1,0
BRDA:1,108,0,0
BRDA:1,108,1,0
BRDA:1,109,0,0
BRDA:1,109,1,0
BRDA:1,110,0,0
BRDA:1,110,1,0
BRDA:1,111,0,0
BRDA:1,111,1,0
BRDA:1,112,0,0
BRDA:1,112,1,0
BRDA:1,113,0,0
BRDA:1,113,1,0
BRDA:1,114,0,0
BRDA:1,114,1,0
BRDA:1,115,0,0
BRDA:1,115,1,0
BRDA:1,116,0,0
BRDA:1,116,1,0
BRDA:1,117,0,0
BRDA:1,117,1,0
BRDA:1,118,0,0
BRDA:1,118,1,0
BRDA:1,119,0,0
BRDA:1,119,1,0
BRDA:1,120,0,0
BRDA:1,120,1,0
BRDA:1,121,0,0
BRDA:1,121,1,0
BRDA:1,122,0,0
BRDA:1,122,1,0
BRDA:1,123,0,0
BRDA:1,123,1,0
BRDA:1,124,0,0
BRDA:1,124,1,0
BRDA:1,125,0,0
BRDA:1,125,1,0
BRDA:1,126,0,0
BRDA:1,126,1,0
BRDA:1,127,0,0
BRDA:1,127,1,0
BRDA:1,127,2,0
BRDA:1,128,0,0
BRDA:1,128,1,0
BRDA:1,129,0,0
BRDA:1,129,1,0
BRDA:1,130,0,0
BRDA:1,130,1,0
BRDA:1,130,2,0
BRDA:1,130,3,0
BRDA:1,130,4,0
BRDA:1,131,0,0
BRDA:1,131,1,0
BRDA:1,132,0,0
BRDA:1,132,1,0
BRDA:1,133,0,0
BRDA:1,133,1,0
BRDA:1,134,0,0
BRDA:1,134,1,0
BRDA:1,135,0,0
BRDA:1,135,1,0
BRDA:1,136,0,0
BRDA:1,136,1,0
BRDA:1,137,0,0
BRDA:1,137,1,0
BRF:284
BRH:0
end_of_record
TN:
SF:/Users/dani/Code/eth-connect/coverage/sorter.js
FN:1,(anonymous_0)
FN:10,getTable
FN:12,getTableHeader
FN:14,getTableBody
FN:16,getNthColumn
FN:19,loadColumns
FN:43,loadRowData
FN:62,loadData
FN:71,sortByIndex
FN:73,(anonymous_9)
FN:85,(anonymous_10)
FN:102,removeSortIndicators
FN:110,addSortIndicators
FN:114,enableUI
FN:117,ithSorter
FN:120,(anonymous_15)
FN:147,(anonymous_16)
FNF:17
FNH:0
FNDA:0,(anonymous_0)
FNDA:0,getTable
FNDA:0,getTableHeader
FNDA:0,getTableBody
FNDA:0,getNthColumn
FNDA:0,loadColumns
FNDA:0,loadRowData
FNDA:0,loadData
FNDA:0,sortByIndex
FNDA:0,(anonymous_9)
FNDA:0,(anonymous_10)
FNDA:0,removeSortIndicators
FNDA:0,addSortIndicators
FNDA:0,enableUI
FNDA:0,ithSorter
FNDA:0,(anonymous_15)
FNDA:0,(anonymous_16)
DA:1,0
DA:4,0
DA:10,0
DA:12,0
DA:14,0
DA:16,0
DA:20,0
DA:22,0
DA:26,0
DA:27,0
DA:28,0
DA:33,0
DA:34,0
DA:35,0
DA:36,0
DA:39,0
DA:44,0
DA:47,0
DA:50,0
DA:51,0
DA:52,0
DA:53,0
DA:54,0
DA:55,0
DA:57,0
DA:59,0
DA:63,0
DA:66,0
DA:67,0
DA:72,0
DA:73,0
DA:74,0
DA:75,0
DA:76,0
DA:78,0
DA:79,0
DA:80,0
DA:81,0
DA:84,0
DA:85,0
DA:86,0
DA:90,0
DA:91,0
DA:92,0
DA:95,0
DA:97,0
DA:98,0
DA:103,0
DA:104,0
DA:106,0
DA:107,0
DA:111,0
DA:117,0
DA:118,0
DA:120,0
DA:121,0
DA:123,0
DA:124,0
DA:126,0
DA:127,0
DA:128,0
DA:129,0
DA:130,0
DA:133,0
DA:134,0
DA:137,0
DA:138,0
DA:139,0
DA:141,0
DA:147,0
DA:148,0
DA:149,0
DA:151,0
DA:152,0
DA:153,0
DA:154,0
DA:158,0
LF:77
LH:0
BRDA:31,0,0,0
BRDA:31,0,1,0
BRDA:34,1,0,0
BRDA:34,1,1,0
BRDA:54,2,0,0
BRDA:54,2,1,0
BRDA:76,3,0,0
BRDA:76,3,1,0
BRDA:76,4,0,0
BRDA:76,4,1,0
BRDA:84,5,0,0
BRDA:84,5,1,0
BRDA:111,6,0,0
BRDA:111,6,1,0
BRDA:123,7,0,0
BRDA:123,7,1,0
BRDA:134,8,0,0
BRDA:134,8,1,0
BRDA:138,9,0,0
BRDA:138,9,1,0
BRDA:148,10,0,0
BRDA:148,10,1,0
BRF:22
BRH:0
end_of_record
TN:
SF:/Users/dani/Code/eth-connect/src/AllSolidityEvents.ts
FN:28,(anonymous_0)
FN:30,(anonymous_1)
FN:35,(anonymous_2)
FN:38,(anonymous_3)
FN:45,(anonymous_4)
FN:50,(anonymous_5)
FN:63,(anonymous_6)
FN:69,(anonymous_7)
FNF:8
FNH:7
FNDA:28,(anonymous_0)
FNDA:1,(anonymous_1)
FNDA:2,(anonymous_2)
FNDA:0,(anonymous_3)
FNDA:5,(anonymous_4)
FNDA:5,(anonymous_5)
FNDA:1,(anonymous_6)
FNDA:25,(anonymous_7)
DA:18,1
DA:19,1
DA:21,1
DA:24,1
DA:27,1
DA:28,28
DA:31,1
DA:34,1
DA:36,2
DA:39,0
DA:42,1
DA:46,5
DA:48,5
DA:50,5
DA:51,5
DA:54,5
DA:56,2
DA:59,3
DA:60,3
DA:64,1
DA:65,1
DA:66,1
DA:70,25
DA:71,25
LF:24
LH:23
BRDA:30,0,0,0
BRDA:46,1,0,5
BRDA:46,1,1,0
BRDA:48,2,0,3
BRDA:48,2,1,2
BRDA:48,3,0,5
BRDA:48,3,1,4
BRDA:54,4,0,2
BRDA:54,4,1,3
BRF:9
BRH:7
end_of_record
TN:
SF:/Users/dani/Code/eth-connect/src/Contract.ts
FN:13,addFunctionsToContract
FN:15,(anonymous_1)
FN:18,(anonymous_2)
FN:21,(anonymous_3)
FN:31,addEventsToContract
FN:32,(anonymous_5)
FN:41,(anonymous_6)
FN:44,(anonymous_7)
FN:62,(anonymous_8)
FNF:9
FNH:9
FNDA:25,addFunctionsToContract
FNDA:81,(anonymous_1)
FNDA:60,(anonymous_2)
FNDA:60,(anonymous_3)
FNDA:25,addEventsToContract
FNDA:81,(anonymous_5)
FNDA:19,(anonymous_6)
FNDA:19,(anonymous_7)
FNDA:25,(anonymous_8)
DA:2,1
DA:3,1
DA:4,1
DA:14,25
DA:16,81
DA:19,60
DA:22,60
DA:32,25
DA:33,81
DA:36,25
DA:38,25
DA:40,25
DA:42,19
DA:45,19
DA:55,1
DA:58,25
DA:60,25
DA:62,25
DA:63,25
DA:64,25
DA:65,25
DA:69,25
DA:70,25
LF:23
LH:23
BRF:0
BRH:0
end_of_record
TN:
SF:/Users/dani/Code/eth-connect/src/ContractFactory.ts
FN:34,checkForContractAddress
FN:39,(anonymous_1)
FN:46,(anonymous_2)
FN:79,encodeConstructorParams
FN:82,(anonymous_4)
FN:85,(anonymous_5)
FN:86,(anonymous_6)
FN:90,(anonymous_7)
FN:101,(anonymous_8)
FN:108,(anonymous_9)
FN:130,(anonymous_10)
FN:162,(anonymous_11)
FN:173,(anonymous_12)
FNF:13
FNH:11
FNDA:1,checkForContractAddress
FNDA:1,(anonymous_1)
FNDA:1,(anonymous_2)
FNDA:7,encodeConstructorParams
FNDA:65,(anonymous_4)
FNDA:1,(anonymous_5)
FNDA:1,(anonymous_6)
FNDA:1,(anonymous_7)
FNDA:35,(anonymous_8)
FNDA:7,(anonymous_9)
FNDA:0,(anonymous_10)
FNDA:29,(anonymous_11)
FNDA:0,(anonymous_12)
DA:23,1
DA:24,1
DA:26,1
DA:27,1
DA:35,1
DA:37,1
DA:39,1
DA:40,1
DA:42,1
DA:43,0
DA:45,1
DA:47,1
DA:48,1
DA:50,0
DA:59,1
DA:61,1
DA:62,1
DA:64,1
DA:65,1
DA:80,7
DA:83,65
DA:86,1
DA:87,1
DA:91,1
DA:100,1
DA:101,35
DA:112,7
DA:114,7
DA:115,7
DA:119,7
DA:124,7
DA:128,7
DA:130,0
DA:131,0
DA:135,0
DA:140,7
DA:141,7
DA:143,7
DA:144,7
DA:148,7
DA:150,1
DA:151,1
DA:152,1
DA:154,1
DA:163,29
DA:164,4
DA:166,25
DA:167,25
DA:174,0
DA:176,0
DA:178,0
DA:179,0
DA:182,0
DA:183,0
DA:186,0
DA:187,0
DA:190,0
DA:192,0
DA:194,0
LF:59
LH:43
BRDA:42,0,0,0
BRDA:42,0,1,1
BRDA:47,1,0,1
BRDA:47,1,1,0
BRDA:47,2,0,1
BRDA:47,2,1,1
BRDA:64,3,0,1
BRDA:64,3,1,0
BRDA:81,4,0,7
BRDA:81,4,1,6
BRDA:83,5,0,65
BRDA:83,5,1,1
BRDA:114,6,0,7
BRDA:114,6,1,0
BRDA:114,7,0,7
BRDA:114,7,1,7
BRDA:119,8,0,7
BRDA:124,9,0,7
BRDA:124,10,0,7
BRDA:124,10,1,7
BRDA:128,11,0,0
BRDA:128,11,1,7
BRDA:130,12,0,0
BRDA:130,12,1,0
BRDA:131,13,0,0
BRDA:131,13,1,0
BRDA:135,14,0,0
BRDA:143,15,0,7
BRDA:143,15,1,0
BRDA:163,16,0,4
BRDA:163,16,1,25
BRDA:178,17,0,0
BRDA:178,17,1,0
BRDA:178,18,0,0
BRDA:178,18,1,0
BRDA:182,19,0,0
BRDA:182,19,1,0
BRDA:186,20,0,0
BRDA:186,20,1,0
BRDA:186,21,0,0
BRDA:186,21,1,0
BRF:41
BRH:20
end_of_record
TN:
SF:/Users/dani/Code/eth-connect/src/Filter.ts
FN:25,safeAsync
FN:26,(anonymous_1)
FN:28,(anonymous_2)
FN:37,toTopic
FN:58,(anonymous_4)
FN:62,(anonymous_5)
FN:73,(anonymous_6)
FN:95,(anonymous_7)
FN:121,(anonymous_8)
FN:126,(anonymous_9)
FN:128,(anonymous_10)
FN:132,(anonymous_11)
FN:141,(anonymous_12)
FN:150,(anonymous_13)
FN:155,(anonymous_14)
FN:165,(anonymous_15)
FN:170,(anonymous_16)
FN:174,(anonymous_17)
FN:179,(anonymous_18)
FN:186,(anonymous_19)
FN:189,(anonymous_20)
FN:194,(anonymous_21)
FN:212,(anonymous_22)
FN:221,(anonymous_23)
FN:225,(anonymous_24)
FN:230,(anonymous_25)
FN:237,(anonymous_26)
FN:238,(anonymous_27)
FN:240,(anonymous_28)
FN:246,(anonymous_29)
FN:247,(anonymous_30)
FN:250,(anonymous_31)
FNF:32
FNH:30
FNDA:96,safeAsync
FNDA:96,(anonymous_1)
FNDA:0,(anonymous_2)
FNDA:8,toTopic
FNDA:18,(anonymous_4)
FNDA:15,(anonymous_5)
FNDA:15,(anonymous_6)
FNDA:18,(anonymous_7)
FNDA:110,(anonymous_8)
FNDA:95,(anonymous_9)
FNDA:13,(anonymous_10)
FNDA:1,(anonymous_11)
FNDA:96,(anonymous_12)
FNDA:1,(anonymous_13)
FNDA:2,(anonymous_14)
FNDA:0,(anonymous_15)
FNDA:1,(anonymous_16)
FNDA:1,(anonymous_17)
FNDA:1,(anonymous_18)
FNDA:17,(anonymous_19)
FNDA:6,(anonymous_20)
FNDA:6,(anonymous_21)
FNDA:8,(anonymous_22)
FNDA:8,(anonymous_23)
FNDA:94,(anonymous_24)
FNDA:13,(anonymous_25)
FNDA:3,(anonymous_26)
FNDA:1,(anonymous_27)
FNDA:3,(anonymous_28)
FNDA:6,(anonymous_29)
FNDA:1,(anonymous_30)
FNDA:3,(anonymous_31)
DA:18,1
DA:19,1
DA:21,1
DA:23,1
DA:26,96
DA:28,96
DA:38,8
DA:40,7
DA:42,7
DA:43,0
DA:48,1
DA:49,18
DA:50,18
DA:54,18
DA:55,18
DA:56,18
DA:58,18
DA:63,15
DA:64,15
DA:65,15
DA:67,15
DA:68,9
DA:74,15
DA:75,15
DA:77,15
DA:79,15
DA:80,15
DA:82,14
DA:83,0
DA:86,14
DA:88,1
DA:91,14
DA:92,14
DA:96,18
DA:97,15
DA:99,15
DA:101,15
DA:103,14
DA:105,14
DA:107,14
DA:109,14
DA:110,0
DA:122,110
DA:123,101
DA:124,95
DA:126,95
DA:127,95
DA:128,94
DA:129,13
DA:132,1
DA:137,101
DA:139,101
DA:140,96
DA:141,96
DA:144,9
DA:149,1
DA:150,1
DA:151,1
DA:153,1
DA:154,1
DA:155,1
DA:156,2
DA:159,1
DA:166,0
DA:167,0
DA:171,1
DA:175,1
DA:176,1
DA:180,1
DA:181,1
DA:185,1
DA:187,17
DA:188,17
DA:189,17
DA:191,17
DA:192,17
DA:193,17
DA:194,17
DA:195,6
DA:198,17
DA:213,8
DA:214,3
DA:216,8
DA:218,7
DA:222,8
DA:226,94
DA:227,94
DA:231,13
DA:232,13
DA:236,1
DA:238,3
DA:241,3
DA:245,1
DA:247,6
DA:251,3
LF:95
LH:90
BRDA:38,0,0,1
BRDA:38,0,1,7
BRDA:38,1,0,8
BRDA:38,1,1,7
BRDA:42,2,0,7
BRDA:42,2,1,0
BRDA:63,3,0,0
BRDA:63,3,1,15
BRDA:64,4,0,15
BRDA:64,4,1,0
BRDA:67,5,0,9
BRDA:67,5,1,6
BRDA:74,6,0,0
BRDA:74,6,1,15
BRDA:75,7,0,0
BRDA:75,7,1,15
BRDA:82,8,0,0
BRDA:82,8,1,14
BRDA:96,9,0,3
BRDA:96,9,1,15
BRDA:97,10,0,0
BRDA:97,10,1,15
BRDA:105,11,0,14
BRDA:105,11,1,0
BRDA:109,12,0,0
BRDA:109,12,1,14
BRDA:122,13,0,101
BRDA:122,13,1,9
BRDA:123,14,0,95
BRDA:123,14,1,6
BRDA:127,15,0,94
BRDA:127,15,1,1
BRDA:139,16,0,96
BRDA:139,16,1,5
BRDA:153,17,0,1
BRDA:153,17,1,0
BRDA:154,18,0,1
BRDA:154,18,1,0
BRDA:189,19,0,5
BRDA:192,20,0,17
BRDA:192,20,1,9
BRDA:193,21,0,17
BRDA:193,21,1,15
BRDA:200,22,0,5
BRDA:200,22,1,12
BRDA:203,23,0,4
BRDA:203,23,1,13
BRDA:202,24,0,17
BRDA:202,24,1,16
BRDA:207,25,0,2
BRDA:207,25,1,15
BRDA:206,26,0,17
BRDA:206,26,1,15
BRDA:213,27,0,3
BRDA:213,27,1,5
BRF:55
BRH:44
end_of_record
TN:
SF:/Users/dani/Code/eth-connect/src/Method.ts
FN:31,(anonymous_0)
FN:44,(anonymous_1)
FN:55,(anonymous_2)
FN:60,(anonymous_3)
FN:70,(anonymous_4)
FN:79,(anonymous_5)
FN:90,(anonymous_6)
FNF:7
FNH:7
FNDA:90,(anonymous_0)
FNDA:249,(anonymous_1)
FNDA:253,(anonymous_2)
FNDA:293,(anonymous_3)
FNDA:236,(anonymous_4)
FNDA:251,(anonymous_5)
FNDA:251,(anonymous_6)
DA:18,1
DA:24,1
DA:32,90
DA:33,90
DA:34,90
DA:35,90
DA:36,90
DA:45,249
DA:46,2
DA:56,253
DA:57,30
DA:60,223
DA:61,293
DA:71,236
DA:80,251
DA:82,245
DA:84,245
DA:91,251
DA:92,245
DA:93,245
DA:94,234
LF:21
LH:21
BRDA:33,0,0,90
BRDA:33,0,1,10
BRDA:34,1,0,90
BRDA:34,1,1,47
BRDA:35,2,0,90
BRDA:35,2,1,60
BRDA:45,3,0,2
BRDA:45,3,1,247
BRDA:56,4,0,30
BRDA:56,4,1,223
BRDA:61,5,0,274
BRDA:61,5,1,19
BRDA:71,6,0,93
BRDA:71,6,1,143
BRDA:71,7,0,236
BRDA:71,7,1,96
BRDA:92,8,0,0
BRDA:92,8,1,245
BRF:18
BRH:17
end_of_record
TN:
SF:/Users/dani/Code/eth-connect/src/Property.ts
FN:32,(anonymous_0)
FN:42,(anonymous_1)
FN:46,(anonymous_2)
FNF:3
FNH:3
FNDA:15,(anonymous_0)
FNDA:60,(anonymous_1)
FNDA:77,(anonymous_2)
DA:28,1
DA:33,15
DA:34,15
DA:43,60
DA:47,77
DA:51,60
LF:6
LH:6
BRDA:34,0,0,15
BRDA:34,0,1,7
BRDA:43,1,0,16
BRDA:43,1,1,44
BRDA:43,2,0,60
BRDA:43,2,1,16
BRDA:43,2,2,16
BRF:7
BRH:7
end_of_record
TN:
SF:/Users/dani/Code/eth-connect/src/RequestManager.ts
FN:55,(anonymous_2)
FN:64,inject
FN:73,(anonymous_4)
FN:376,(anonymous_5)
FN:385,(anonymous_6)
FN:395,(anonymous_7)
FN:399,(anonymous_8)
FN:422,(anonymous_9)
FN:431,(anonymous_10)
FN:446,(anonymous_11)
FN:472,(anonymous_12)
FN:555,(anonymous_13)
FN:577,(anonymous_14)
FN:592,(anonymous_15)
FN:602,(anonymous_16)
FNF:15
FNH:8
FNDA:1,(anonymous_2)
FNDA:66,inject
FNDA:328,(anonymous_4)
FNDA:102,(anonymous_5)
FNDA:323,(anonymous_6)
FNDA:323,(anonymous_7)
FNDA:323,(anonymous_8)
FNDA:0,(anonymous_9)
FNDA:0,(anonymous_10)
FNDA:0,(anonymous_11)
FNDA:3,(anonymous_12)
FNDA:0,(anonymous_13)
FNDA:0,(anonymous_14)
FNDA:0,(anonymous_15)
FNDA:0,(anonymous_16)
DA:20,1
DA:21,1
DA:22,1
DA:23,1
DA:25,1
DA:51,1
DA:53,1
DA:55,1
DA:56,1
DA:57,1
DA:58,1
DA:64,1
DA:65,66
DA:68,66
DA:72,66
DA:74,328
DA:87,1
DA:88,102
DA:91,1
DA:94,1
DA:97,1
DA:100,1
DA:103,1
DA:106,1
DA:109,1
DA:112,1
DA:115,1
DA:118,1
DA:121,1
DA:124,1
DA:127,1
DA:130,1
DA:133,1
DA:136,1
DA:139,1
DA:142,1
DA:145,1
DA:148,1
DA:151,1
DA:166,1
DA:169,1
DA:172,1
DA:175,1
DA:182,1
DA:185,1
DA:188,1
DA:191,1
DA:194,1
DA:198,1
DA:203,1
DA:206,1
DA:209,1
DA:212,1
DA:215,1
DA:218,1
DA:221,1
DA:237,1
DA:243,1
DA:249,1
DA:255,1
DA:260,1
DA:263,1
DA:266,1
DA:277,1
DA:280,1
DA:283,1
DA:286,1
DA:289,1
DA:292,1
DA:295,1
DA:296,1
DA:297,1
DA:300,1
DA:306,1
DA:314,1
DA:317,1
DA:330,1
DA:338,1
DA:341,1
DA:344,1
DA:350,1
DA:356,1
DA:368,1
DA:374,1
DA:376,102
DA:387,323
DA:391,323
DA:393,323
DA:395,323
DA:397,323
DA:399,323
DA:400,323
DA:401,28
DA:402,28
DA:406,295
DA:411,295
DA:414,323
DA:423,0
DA:432,0
DA:434,0
DA:435,0
DA:438,0
DA:447,0
DA:449,0
DA:450,0
DA:451,0
DA:454,0
DA:455,0
DA:457,0
DA:458,0
DA:464,0
DA:475,3
DA:476,3
DA:477,3
DA:479,3
DA:482,3
DA:483,3
DA:485,2
DA:486,2
DA:489,1
DA:492,0
DA:493,0
DA:495,0
DA:496,0
DA:501,0
DA:505,0
DA:506,0
DA:511,0
DA:516,0
DA:520,0
DA:525,0
DA:526,0
DA:529,0
DA:530,0
DA:534,0
DA:538,0
DA:542,0
DA:547,0
DA:556,0
DA:558,0
DA:559,0
DA:561,0
DA:562,0
DA:565,0
DA:566,0
DA:569,0
DA:578,0
DA:583,0
DA:593,0
DA:603,0
LF:150
LH:106
BRDA:55,0,0,1
BRDA:55,0,1,1
BRDA:68,1,0,66
BRDA:387,2,0,323
BRDA:400,3,0,28
BRDA:400,3,1,295
BRDA:406,4,0,295
BRDA:434,5,0,0
BRDA:434,5,1,0
BRDA:449,6,0,0
BRDA:449,6,1,0
BRDA:457,7,0,0
BRDA:457,7,1,0
BRDA:457,8,0,0
BRDA:457,8,1,0
BRDA:460,9,0,0
BRDA:460,9,1,0
BRDA:485,10,0,2
BRDA:485,10,1,0
BRDA:492,11,0,0
BRDA:492,11,1,0
BRDA:493,12,0,0
BRDA:493,12,1,0
BRDA:495,13,0,0
BRDA:495,13,1,0
BRDA:505,14,0,0
BRDA:505,14,1,0
BRDA:529,15,0,0
BRDA:529,15,1,0
BRDA:529,16,0,0
BRDA:529,16,1,0
BRDA:555,17,0,0
BRDA:561,18,0,0
BRDA:561,18,1,0
BRDA:583,19,0,0
BRDA:583,19,1,0
BRDA:593,20,0,0
BRDA:593,20,1,0
BRDA:603,21,0,0
BRDA:603,21,1,0
BRDA:603,21,2,0
BRF:41
BRH:8
end_of_record
TN:
SF:/Users/dani/Code/eth-connect/src/Schema.ts
FN:172,(anonymous_0)
FNF:1
FNH:1
FNDA:1,(anonymous_0)
DA:172,1
DA:173,1
DA:174,1
DA:175,1
DA:176,1
DA:177,1
DA:178,1
LF:7
LH:7
BRDA:172,0,0,1
BRDA:172,0,1,1
BRF:2
BRH:2
end_of_record
TN:
SF:/Users/dani/Code/eth-connect/src/SolidityEvent.ts
FN:40,(anonymous_0)
FN:55,(anonymous_1)
FN:57,(anonymous_2)
FN:60,(anonymous_3)
FN:68,(anonymous_4)
FN:75,(anonymous_5)
FN:82,(anonymous_6)
FN:92,(anonymous_7)
FN:98,(anonymous_8)
FN:101,(anonymous_9)
FN:110,(anonymous_10)
FN:113,(anonymous_11)
FN:120,(anonymous_12)
FN:137,(anonymous_13)
FN:147,(anonymous_14)
FN:160,(anonymous_15)
FN:177,(anonymous_16)
FN:189,(anonymous_17)
FNF:18
FNH:18
FNDA:35,(anonymous_0)
FNDA:20,(anonymous_1)
FNDA:66,(anonymous_2)
FNDA:33,(anonymous_3)
FNDA:29,(anonymous_4)
FNDA:19,(anonymous_5)
FNDA:2,(anonymous_6)
FNDA:11,(anonymous_7)
FNDA:22,(anonymous_8)
FNDA:4,(anonymous_9)
FNDA:21,(anonymous_10)
FNDA:16,(anonymous_11)
FNDA:2,(anonymous_12)
FNDA:10,(anonymous_13)
FNDA:15,(anonymous_14)
FNDA:33,(anonymous_15)
FNDA:2,(anonymous_16)
FNDA:19,(anonymous_17)
DA:23,1
DA:24,1
DA:26,1
DA:29,1
DA:35,1
DA:36,35
DA:41,35
DA:43,35
DA:45,35
DA:46,35
DA:47,35
DA:56,20
DA:58,66
DA:61,33
DA:69,29
DA:76,19
DA:83,2
DA:93,11
DA:97,11
DA:99,22
DA:102,4
DA:105,11
DA:106,9
DA:109,11
DA:111,21
DA:114,16
DA:115,16
DA:116,5
DA:119,11
DA:120,1
DA:121,2
DA:124,10
DA:127,11
DA:129,11
DA:142,10
DA:143,10
DA:145,10
DA:146,10
DA:148,15
DA:151,10
DA:153,10
DA:154,10
DA:156,10
DA:157,10
DA:158,10
DA:160,10
DA:161,33
DA:162,33
DA:165,10
DA:166,10
DA:168,10
DA:178,2
DA:179,2
DA:180,2
DA:190,19
DA:191,19
DA:192,19
DA:193,19
DA:195,19
LF:59
LH:59
BRDA:76,0,0,19
BRDA:76,0,1,0
BRDA:92,1,0,0
BRDA:92,2,0,2
BRDA:105,3,0,9
BRDA:105,3,1,2
BRDA:115,4,0,5
BRDA:115,4,1,11
BRDA:115,5,0,16
BRDA:115,5,1,12
BRDA:119,6,0,1
BRDA:119,6,1,10
BRDA:142,7,0,10
BRDA:142,7,1,1
BRDA:143,8,0,10
BRDA:143,8,1,2
BRDA:145,9,0,1
BRDA:145,9,1,9
BRDA:161,10,0,16
BRDA:161,10,1,17
BRDA:192,11,0,19
BRDA:192,11,1,0
BRF:22
BRH:19
end_of_record
TN:
SF:/Users/dani/Code/eth-connect/src/SolidityFunction.ts
FN:39,(anonymous_0)
FN:40,(anonymous_1)
FN:43,(anonymous_2)
FN:59,(anonymous_3)
FN:70,(anonymous_4)
FN:71,(anonymous_5)
FN:75,(anonymous_6)
FN:90,(anonymous_7)
FN:113,(anonymous_8)
FN:117,(anonymous_9)
FN:132,(anonymous_10)
FN:158,(anonymous_11)
FN:167,(anonymous_12)
FN:176,(anonymous_13)
FN:183,(anonymous_14)
FN:192,(anonymous_15)
FN:197,(anonymous_16)
FNF:17
FNH:16
FNDA:60,(anonymous_0)
FNDA:78,(anonymous_1)
FNDA:42,(anonymous_2)
FNDA:8,(anonymous_3)
FNDA:15,(anonymous_4)
FNDA:31,(anonymous_5)
FNDA:31,(anonymous_6)
FNDA:15,(anonymous_7)
FNDA:13,(anonymous_8)
FNDA:7,(anonymous_9)
FNDA:14,(anonymous_10)
FNDA:1,(anonymous_11)
FNDA:0,(anonymous_12)
FNDA:60,(anonymous_13)
FNDA:60,(anonymous_14)
FNDA:60,(anonymous_15)
FNDA:14,(anonymous_16)
DA:18,1
DA:19,1
DA:20,1
DA:22,1
DA:29,1
DA:39,60
DA:40,60
DA:41,78
DA:43,60
DA:44,42
DA:47,60
DA:48,60
DA:50,60
DA:55,60
DA:56,60
DA:60,8
DA:61,2
DA:71,31
DA:72,0
DA:75,15
DA:77,31
DA:79,15
DA:80,2
DA:91,15
DA:98,15
DA:99,9
DA:102,15
DA:104,13
DA:105,13
DA:107,13
DA:114,13
DA:118,7
DA:119,0
DA:122,7
DA:123,7
DA:124,7
DA:133,14
DA:134,0
DA:137,14
DA:138,6
DA:139,5
DA:140,0
DA:142,5
DA:143,0
DA:145,5
DA:146,5
DA:148,8
DA:149,8
DA:150,7
DA:151,7
DA:159,1
DA:161,1
DA:168,0
DA:170,0
DA:177,60
DA:184,60
DA:193,60
DA:194,60
DA:196,60
DA:198,14
DA:200,14
DA:205,60
DA:206,59
DA:209,60
LF:64
LH:57
BRDA:51,0,0,60
BRDA:51,0,1,18
BRDA:51,0,2,42
BRDA:51,0,3,36
BRDA:51,0,4,42
BRDA:51,0,5,0
BRDA:60,1,0,2
BRDA:60,1,1,6
BRDA:60,2,0,8
BRDA:60,2,1,4
BRDA:71,3,0,0
BRDA:71,3,1,15
BRDA:77,4,0,31
BRDA:77,4,1,12
BRDA:77,4,2,12
BRDA:79,5,0,2
BRDA:79,5,1,13
BRDA:98,6,0,9
BRDA:98,6,1,6
BRDA:98,7,0,15
BRDA:98,7,1,9
BRDA:118,8,0,0
BRDA:118,8,1,7
BRDA:122,9,0,7
BRDA:122,9,1,0
BRDA:124,10,0,7
BRDA:124,10,1,0
BRDA:133,11,0,0
BRDA:133,11,1,14
BRDA:137,12,0,6
BRDA:137,12,1,8
BRDA:139,13,0,0
BRDA:139,13,1,5
BRDA:139,14,0,5
BRDA:139,14,1,4
BRDA:142,15,0,0
BRDA:142,15,1,5
BRDA:184,16,0,60
BRDA:184,16,1,0
BRDA:198,17,0,14
BRDA:198,17,1,0
BRDA:205,18,0,59
BRDA:205,18,1,1
BRF:43
BRH:33
end_of_record
TN:
SF:/Users/dani/Code/eth-connect/src/index.ts
FNF:0
FNH:0
DA:18,1
DA:19,1
DA:20,1
DA:22,1
DA:23,1
DA:24,1
DA:25,1
DA:26,1
DA:27,1
DA:32,1
DA:37,1
LF:11
LH:11
BRF:0
BRH:0
end_of_record
TN:
SF:/Users/dani/Code/eth-connect/src/methods/eth.ts
FN:27,(anonymous_0)
FN:52,(anonymous_1)
FN:64,(anonymous_2)
FNF:3
FNH:3
FNDA:1,(anonymous_0)
FNDA:2,(anonymous_1)
FNDA:2,(anonymous_2)
DA:19,1
DA:20,1
DA:21,1
DA:22,1
DA:27,1
DA:28,1
DA:35,1
DA:41,1
DA:47,1
DA:53,2
DA:59,1
DA:65,2
DA:71,1
DA:78,1
DA:85,1
DA:91,1
DA:98,1
DA:105,1
DA:112,1
DA:119,1
DA:125,1
DA:132,1
DA:139,1
DA:145,1
DA:152,1
DA:158,1
DA:164,1
DA:170,1
DA:176,1
DA:182,1
DA:188,1
DA:195,1
DA:200,1
DA:205,1
DA:210,1
DA:216,1
DA:221,1
DA:225,1
DA:230,1
DA:235,1
DA:240,1
DA:245,1
DA:249,1
DA:254,1
DA:259,1
DA:263,1
DA:267,1
DA:273,1
DA:278,1
DA:283,1
DA:288,1
DA:293,1
DA:298,1
DA:303,1
DA:308,1
DA:313,1
DA:318,1
DA:323,1
DA:328,1
DA:333,1
DA:338,1
DA:343,1
DA:348,1
DA:355,1
DA:362,1
DA:368,1
DA:373,1
DA:379,1
DA:384,1
DA:391,1
DA:397,1
DA:404,1
DA:408,1
DA:413,1
DA:418,1
DA:424,1
DA:430,1
DA:436,1
DA:442,1
DA:449,1
DA:455,1
DA:461,1
DA:467,1
DA:472,1
DA:478,1
DA:483,1
DA:489,1
DA:495,1
DA:501,1
DA:506,1
DA:511,1
DA:516,1
DA:521,1
DA:526,1
DA:531,1
DA:537,1
DA:543,1
DA:549,1
DA:555,1
DA:561,1
DA:567,1
DA:573,1
DA:579,1
DA:585,1
DA:591,1
DA:595,1
LF:106
LH:106
BRDA:27,0,0,1
BRDA:27,0,1,1
BRF:2
BRH:2
end_of_record
TN:
SF:/Users/dani/Code/eth-connect/src/providers/HTTPProvider.ts
FN:14,(anonymous_0)
FN:32,(anonymous_1)
FN:37,(anonymous_2)
FN:62,(anonymous_3)
FN:80,(anonymous_4)
FNF:5
FNH:3
FNDA:4,(anonymous_0)
FNDA:82,(anonymous_1)
FNDA:0,(anonymous_2)
FNDA:82,(anonymous_3)
FNDA:0,(anonymous_4)
DA:1,1
DA:11,1
DA:12,4
DA:14,4
DA:15,4
DA:33,82
DA:34,82
DA:36,82
DA:37,0
DA:39,82
DA:43,82
DA:47,82
DA:59,82
DA:61,82
DA:63,82
DA:66,0
DA:67,0
DA:69,82
DA:72,82
DA:73,82
DA:74,3
DA:76,79
DA:83,0
DA:84,0
DA:90,0
DA:91,0
LF:26
LH:19
BRDA:14,0,0,4
BRDA:15,1,0,4
BRDA:15,1,1,0
BRDA:36,2,0,0
BRDA:36,2,1,82
BRDA:43,3,0,82
BRDA:59,4,0,82
BRDA:63,5,0,0
BRDA:63,5,1,82
BRDA:66,6,0,0
BRDA:72,7,0,82
BRDA:73,8,0,3
BRDA:73,8,1,79
BRDA:74,9,0,3
BRDA:74,9,1,3
BRDA:83,10,0,0
BRDA:90,11,0,0
BRF:17
BRH:11
end_of_record
TN:
SF:/Users/dani/Code/eth-connect/src/providers/WebSocketProvider.ts
FN:32,(anonymous_0)
FN:36,(anonymous_1)
FN:41,(anonymous_2)
FN:51,(anonymous_3)
FN:56,(anonymous_4)
FN:82,(anonymous_5)
FN:82,(anonymous_6)
FN:85,(anonymous_7)
FN:86,(anonymous_8)
FN:95,(anonymous_9)
FN:106,(anonymous_10)
FN:117,(anonymous_11)
FN:134,(anonymous_12)
FN:151,(anonymous_13)
FN:171,(anonymous_14)
FN:179,(anonymous_15)
FN:185,(anonymous_16)
FN:194,(anonymous_17)
FN:197,(anonymous_18)
FN:214,(anonymous_19)
FN:218,(anonymous_20)
FN:222,(anonymous_21)
FN:227,(anonymous_22)
FN:234,(anonymous_23)
FN:237,(anonymous_24)
FNF:25
FNH:9
FNDA:4,(anonymous_0)
FNDA:4,(anonymous_1)
FNDA:0,(anonymous_2)
FNDA:20,(anonymous_3)
FNDA:0,(anonymous_4)
FNDA:0,(anonymous_5)
FNDA:20,(anonymous_6)
FNDA:0,(anonymous_7)
FNDA:0,(anonymous_8)
FNDA:0,(anonymous_9)
FNDA:0,(anonymous_10)
FNDA:0,(anonymous_11)
FNDA:0,(anonymous_12)
FNDA:0,(anonymous_13)
FNDA:0,(anonymous_14)
FNDA:33488,(anonymous_15)
FNDA:20,(anonymous_16)
FNDA:16742,(anonymous_17)
FNDA:0,(anonymous_18)
FNDA:0,(anonymous_19)
FNDA:16742,(anonymous_20)
[...]
DA:26,289
LF:5
LH:5
BRF:0
BRH:0
end_of_record
TN:
SF:/Users/dani/Code/eth-connect/src/solidity/coder.ts
FN:31,isDynamic
FN:41,(anonymous_1)
FN:53,(anonymous_2)
FN:54,(anonymous_3)
FN:73,(anonymous_4)
FN:85,(anonymous_5)
FN:88,(anonymous_6)
FN:92,(anonymous_7)
FN:104,(anonymous_8)
FN:108,(anonymous_9)
FN:121,(anonymous_10)
FN:132,(anonymous_11)
FN:187,(anonymous_12)
FN:199,(anonymous_13)
FN:203,(anonymous_14)
FN:209,(anonymous_15)
FN:210,(anonymous_16)
FN:219,(anonymous_17)
FN:226,(anonymous_18)
FN:227,(anonymous_19)
FNF:20
FNH:20
FNDA:402,isDynamic
FNDA:1,(anonymous_1)
FNDA:289,(anonymous_2)
FNDA:2601,(anonymous_3)
FNDA:65,(anonymous_4)
FNDA:105,(anonymous_5)
FNDA:134,(anonymous_6)
FNDA:134,(anonymous_7)
FNDA:105,(anonymous_8)
FNDA:134,(anonymous_9)
FNDA:134,(anonymous_10)
FNDA:286,(anonymous_11)
FNDA:67,(anonymous_12)
FNDA:116,(anonymous_13)
FNDA:155,(anonymous_14)
FNDA:116,(anonymous_15)
FNDA:155,(anonymous_16)
FNDA:155,(anonymous_17)
FNDA:221,(anonymous_18)
FNDA:289,(anonymous_19)
DA:18,1
DA:20,1
DA:21,1
DA:22,1
DA:23,1
DA:24,1
DA:25,1
DA:26,1
DA:27,1
DA:28,1
DA:32,402
DA:38,1
DA:42,1
DA:54,289
DA:55,2601
DA:58,289
DA:59,0
DA:62,289
DA:74,65
DA:86,105
DA:88,105
DA:89,134
DA:92,105
DA:93,134
DA:94,134
DA:96,134
DA:99,105
DA:101,105
DA:105,105
DA:106,105
DA:108,105
DA:109,134
DA:110,43
DA:111,43
DA:112,43
DA:115,91
DA:121,105
DA:122,134
DA:123,43
DA:124,43
DA:125,43
DA:128,105
DA:136,286
DA:138,286
DA:144,286
DA:145,55
DA:146,55
DA:147,55
DA:149,55
DA:150,1
DA:152,1
DA:154,2
DA:155,0
DA:156,2
DA:157,2
DA:159,2
DA:163,55
DA:164,55
DA:165,109
DA:166,109
DA:167,82
DA:168,27
DA:169,27
DA:173,55
DA:176,231
DA:188,67
DA:200,116
DA:201,116
DA:203,116
DA:204,155
DA:210,116
DA:211,155
DA:214,116
DA:216,42
DA:219,116
DA:221,155
DA:222,155
DA:227,289
DA:231,1
LF:79
LH:77
BRDA:32,0,0,402
BRDA:32,0,1,333
BRDA:58,1,0,0
BRDA:58,1,1,289
BRDA:96,2,0,43
BRDA:96,2,1,91
BRDA:109,3,0,43
BRDA:109,3,1,91
BRDA:122,4,0,43
BRDA:122,4,1,91
BRDA:139,5,0,42
BRDA:139,5,1,244
BRDA:141,6,0,13
BRDA:141,6,1,231
BRDA:144,7,0,55
BRDA:144,7,1,231
BRDA:147,8,0,42
BRDA:147,8,1,13
BRDA:149,9,0,1
BRDA:149,9,1,54
BRDA:150,10,0,0
BRDA:150,10,1,1
BRDA:154,11,0,0
BRDA:154,11,1,2
BRDA:155,12,0,0
BRDA:155,12,1,0
BRDA:156,13,0,2
BRDA:156,13,1,0
BRDA:157,14,0,2
BRDA:157,14,1,1
BRDA:157,15,0,2
BRDA:157,15,1,1
BRDA:163,16,0,42
BRDA:163,16,1,13
BRDA:166,17,0,82
BRDA:166,17,1,27
BRDA:168,18,0,27
BRDA:168,18,1,0
BRF:38
BRH:31
end_of_record
TN:
SF:/Users/dani/Code/eth-connect/src/solidity/dynamicbytes.ts
FN:5,(anonymous_0)
FN:13,(anonymous_1)
FN:18,(anonymous_2)
FNF:3
FNH:3
FNDA:1,(anonymous_0)
FNDA:289,(anonymous_1)
FNDA:42,(anonymous_2)
DA:1,1
DA:2,1
DA:4,1
DA:6,1
DA:14,289
DA:19,42
LF:6
LH:6
BRF:0
BRH:0
end_of_record
TN:
SF:/Users/dani/Code/eth-connect/src/solidity/formatters.ts
FN:29,formatInputInt
FN:38,formatInputBytes
FN:48,formatInputDynamicBytes
FN:59,formatInputString
FN:70,formatInputBool
FN:79,formatInputReal
FN:88,signedIsNegative
FN:95,formatOutputInt
FN:111,formatOutputUInt
FN:119,formatOutputReal
FN:126,formatOutputUReal
FN:133,formatOutputBool
FN:143,formatOutputBytes
FN:154,formatOutputDynamicBytes
FN:164,formatOutputString
FN:174,formatOutputAddress
FNF:16
FNH:15
FNDA:210,formatInputInt
FNDA:13,formatInputBytes
FNDA:9,formatInputDynamicBytes
FNDA:14,formatInputString
FNDA:15,formatInputBool
FNDA:7,formatInputReal
FNDA:71,signedIsNegative
FNDA:71,formatOutputInt
FNDA:49,formatOutputUInt
FNDA:11,formatOutputReal
FNDA:0,formatOutputUReal
FNDA:21,formatOutputBool
FNDA:16,formatOutputBytes
FNDA:15,formatOutputDynamicBytes
FNDA:7,formatOutputString
FNDA:28,formatOutputAddress
DA:18,1
DA:20,1
DA:21,1
DA:22,1
DA:29,1
DA:30,210
DA:31,210
DA:32,210
DA:38,1
DA:39,13
DA:40,13
DA:41,13
DA:42,13
DA:48,1
DA:49,9
DA:50,9
DA:51,9
DA:52,9
DA:53,9
DA:59,1
DA:60,14
DA:61,14
DA:62,14
DA:63,14
DA:64,14
DA:70,1
DA:71,15
DA:72,15
DA:79,1
DA:80,7
DA:88,1
DA:89,71
DA:95,1
DA:96,71
DA:100,71
DA:101,3
DA:105,68
DA:111,1
DA:112,49
DA:113,49
DA:119,1
DA:120,11
DA:126,1
DA:127,0
DA:133,1
DA:134,21
DA:143,1
DA:144,16
DA:145,16
DA:146,16
DA:154,1
DA:155,15
DA:156,15
DA:164,1
DA:165,7
DA:166,7
DA:174,1
DA:175,28
DA:176,28
LF:59
LH:58
BRDA:71,0,0,7
BRDA:71,0,1,8
BRDA:96,1,0,71
BRDA:96,1,1,1
BRDA:100,2,0,3
BRDA:100,2,1,68
BRDA:112,3,0,49
BRDA:112,3,1,0
BRDA:134,4,0,13
BRDA:134,4,1,8
BRF:10
BRH:9
end_of_record
TN:
SF:/Users/dani/Code/eth-connect/src/solidity/int.ts
FN:21,(anonymous_0)
FN:29,(anonymous_1)
FNF:2
FNH:2
FNDA:1,(anonymous_0)
FNDA:289,(anonymous_1)
DA:1,1
DA:2,1
DA:20,1
DA:22,1
DA:30,289
LF:5
LH:5
BRF:0
BRH:0
end_of_record
TN:
SF:/Users/dani/Code/eth-connect/src/solidity/param.ts
FN:28,(anonymous_0)
FN:40,(anonymous_1)
FN:50,(anonymous_2)
FN:60,(anonymous_3)
FN:73,(anonymous_4)
FN:83,(anonymous_5)
FNF:6
FNH:5
FNDA:472,(anonymous_0)
FNDA:697,(anonymous_1)
FNDA:0,(anonymous_2)
FNDA:419,(anonymous_3)
FNDA:278,(anonymous_4)
FNDA:234,(anonymous_5)
DA:18,1
DA:24,1
DA:26,472
DA:29,472
DA:30,472
DA:41,697
DA:51,0
DA:61,419
DA:62,419
DA:64,0
DA:74,278
DA:84,234
LF:12
LH:10
BRDA:28,0,0,450
BRDA:29,1,0,472
BRDA:29,1,1,1
BRDA:51,2,0,0
BRDA:51,2,1,0
BRDA:61,3,0,419
BRDA:61,3,1,0
BRDA:74,4,0,44
BRDA:74,4,1,234
BRF:9
BRH:6
end_of_record
TN:
SF:/Users/dani/Code/eth-connect/src/solidity/real.ts
FN:21,(anonymous_0)
FN:29,(anonymous_1)
FNF:2
FNH:2
FNDA:1,(anonymous_0)
FNDA:289,(anonymous_1)
DA:1,1
DA:2,1
DA:20,1
DA:22,1
DA:30,289
LF:5
LH:5
BRF:0
BRH:0
end_of_record
TN:
SF:/Users/dani/Code/eth-connect/src/solidity/string.ts
FN:5,(anonymous_0)
FN:13,(anonymous_1)
FN:18,(anonymous_2)
FNF:3
FNH:3
FNDA:1,(anonymous_0)
FNDA:289,(anonymous_1)
FNDA:49,(anonymous_2)
DA:1,1
DA:2,1
DA:4,1
DA:6,1
DA:14,289
DA:19,49
LF:6
LH:6
BRF:0
BRH:0
end_of_record
TN:
SF:/Users/dani/Code/eth-connect/src/solidity/type.ts
FN:11,(anonymous_0)
FN:24,(anonymous_1)
FN:35,(anonymous_2)
FN:38,(anonymous_3)
FN:42,(anonymous_4)
FN:58,(anonymous_5)
FN:73,(anonymous_6)
FN:92,(anonymous_7)
FN:115,(anonymous_8)
FN:134,(anonymous_9)
FN:150,(anonymous_10)
FN:163,(anonymous_11)
FN:171,(anonymous_12)
FN:200,(anonymous_13)
FNF:14
FNH:13
FNDA:9,(anonymous_0)
FNDA:0,(anonymous_1)
FNDA:739,(anonymous_2)
FNDA:768,(anonymous_3)
FNDA:768,(anonymous_4)
FNDA:1136,(anonymous_5)
FNDA:663,(anonymous_6)
FNDA:45,(anonymous_7)
FNDA:143,(anonymous_8)
FNDA:518,(anonymous_9)
FNDA:2726,(anonymous_10)
FNDA:200,(anonymous_11)
FNDA:43,(anonymous_12)
FNDA:262,(anonymous_13)
DA:1,1
DA:2,1
DA:7,1
DA:12,9
DA:13,9
DA:25,0
DA:37,739
DA:40,768
DA:43,768
DA:59,1136
DA:60,1136
DA:74,663
DA:75,663
DA:93,45
DA:94,45
DA:95,45
DA:97,45
DA:99,0
DA:117,143
DA:118,143
DA:119,0
DA:122,143
DA:135,518
DA:152,2726
DA:164,200
DA:165,22
DA:166,22
DA:168,22
DA:169,22
DA:171,22
DA:172,43
DA:175,22
DA:176,178
DA:177,11
DA:178,11
DA:180,11
DA:181,11
DA:182,23
DA:185,11
DA:188,167
DA:201,262
DA:202,21
DA:203,21
DA:204,21
DA:206,21
DA:207,21
DA:208,21
DA:209,21
DA:211,21
DA:212,37
DA:215,21
DA:216,241
DA:217,34
DA:218,34
DA:220,34
DA:221,34
DA:222,34
DA:223,34
DA:225,34
DA:226,70
DA:229,34
DA:230,207
DA:231,22
DA:232,22
DA:233,22
DA:234,22
DA:235,22
DA:238,185
DA:239,185
DA:240,185
LF:70
LH:67
BRDA:37,0,0,739
BRDA:37,0,1,623
BRDA:40,1,0,768
BRDA:40,1,1,61
BRDA:60,2,0,1136
BRDA:60,2,1,228
BRDA:75,3,0,663
BRDA:75,3,1,58
BRDA:94,4,0,45
BRDA:94,4,1,0
BRDA:97,5,0,45
BRDA:97,5,1,0
BRDA:118,6,0,0
BRDA:118,6,1,143
BRDA:164,7,0,22
BRDA:164,7,1,178
BRDA:176,8,0,11
BRDA:176,8,1,167
BRDA:201,9,0,21
BRDA:201,9,1,241
BRDA:216,10,0,34
BRDA:216,10,1,207
BRDA:230,11,0,22
BRDA:230,11,1,185
BRF:24
BRH:21
end_of_record
TN:
SF:/Users/dani/Code/eth-connect/src/solidity/uint.ts
FN:21,(anonymous_0)
FN:29,(anonymous_1)
FNF:2
FNH:2
FNDA:1,(anonymous_0)
FNDA:289,(anonymous_1)
DA:1,1
DA:2,1
DA:20,1
DA:22,1
DA:30,289
LF:5
LH:5
BRF:0
BRH:0
end_of_record
TN:
SF:/Users/dani/Code/eth-connect/src/solidity/ureal.ts
FN:21,(anonymous_0)
FN:29,(anonymous_1)
FNF:2
FNH:2
FNDA:1,(anonymous_0)
FNDA:289,(anonymous_1)
DA:1,1
DA:2,1
DA:20,1
DA:22,1
DA:30,289
LF:5
LH:5
BRF:0
BRH:0
end_of_record
TN:
SF:/Users/dani/Code/eth-connect/src/utils/BigNumber.ts
FN:5,(anonymous_0)
FNF:1
FNH:1
FNDA:1,(anonymous_0)
DA:5,1
DA:9,1
DA:14,1
DA:19,1
DA:24,1
DA:29,1
DA:34,1
DA:39,1
DA:44,1
DA:49,1
LF:10
LH:10
BRDA:5,0,0,1
BRDA:5,0,1,1
BRF:2
BRH:2
end_of_record
TN:
SF:/Users/dani/Code/eth-connect/src/utils/bloom.ts
FN:24,codePointToInt
FN:43,testBytes
FN:69,testAddress
FN:84,testTopic
FNF:4
FNH:4
FNDA:16,codePointToInt
FNDA:8,testBytes
FNDA:3,testAddress
FNDA:5,testTopic
DA:22,1
DA:25,16
DA:27,15
DA:30,1
DA:32,0
DA:35,1
DA:37,1
DA:40,0
DA:44,8
DA:46,8
DA:48,16
DA:51,16
DA:52,16
DA:54,16
DA:55,4
DA:59,4
DA:69,1
DA:70,3
DA:71,3
DA:73,3
DA:84,1
DA:85,5
DA:86,5
DA:88,5
LF:24
LH:22
BRDA:25,0,0,15
BRDA:25,0,1,1
BRDA:25,1,0,16
BRDA:25,1,1,16
BRDA:30,2,0,0
BRDA:30,2,1,1
BRDA:30,3,0,1
BRDA:30,3,1,1
BRDA:35,4,0,1
BRDA:35,4,1,0
BRDA:35,5,0,1
BRDA:35,5,1,1
BRDA:54,6,0,4
BRDA:54,6,1,12
BRDA:70,7,0,0
BRDA:70,7,1,3
BRDA:71,8,0,0
BRDA:71,8,1,3
BRDA:85,9,0,0
BRDA:85,9,1,5
BRDA:86,10,0,0
BRDA:86,10,1,5
BRF:22
BRH:16
end_of_record
TN:
SF:/Users/dani/Code/eth-connect/src/utils/config.ts
FNF:0
FNH:0
DA:19,1
DA:21,1
DA:51,1
DA:52,1
DA:53,1
DA:56,1
DA:57,1
LF:7
LH:7
BRF:0
BRH:0
end_of_record
TN:
SF:/Users/dani/Code/eth-connect/src/utils/errors.ts
FN:18,InvalidNumberOfSolidityArgs
FN:22,InvalidNumberOfRPCParams
FN:28,InvalidConnection
FN:32,InvalidProvider
FN:36,InvalidResponse
FN:44,ConnectionTimeout
FNF:6
FNH:6
FNDA:3,InvalidNumberOfSolidityArgs
FNDA:5,InvalidNumberOfRPCParams
FNDA:1,InvalidConnection
FNDA:1,InvalidProvider
FNDA:1,InvalidResponse
FNDA:1,ConnectionTimeout
DA:18,1
DA:19,3
DA:22,1
DA:23,5
DA:28,1
DA:29,1
DA:32,1
DA:33,1
DA:36,1
DA:38,1
DA:41,1
DA:44,1
DA:45,1
LF:13
LH:13
BRDA:39,0,0,0
BRDA:39,0,1,1
BRDA:38,1,0,1
BRDA:38,1,1,0
BRDA:38,1,2,0
BRF:5
BRH:2
end_of_record
TN:
SF:/Users/dani/Code/eth-connect/src/utils/formatters.ts
FN:28,outputBigNumberFormatter
FN:37,isPredefinedBlockNumber
FN:41,inputDefaultBlockNumberFormatter
FN:48,inputBlockNumberFormatter
FN:60,inputCallFormatter
FN:74,(anonymous_5)
FN:77,(anonymous_6)
FN:93,inputTransactionFormatter
FN:111,(anonymous_8)
FN:114,(anonymous_9)
FN:130,outputTransactionFormatter
FN:149,outputTransactionReceiptFormatter
FN:156,(anonymous_12)
FN:169,outputBlockFormatter
FN:181,(anonymous_14)
FN:192,outputLogFormatter
FN:211,inputPostFormatter
FN:222,(anonymous_17)
FN:233,outputPostFormatter
FN:243,(anonymous_19)
FN:250,inputAddressFormatter
FN:259,outputSyncingFormatter
FNF:22
FNH:22
FNDA:16,outputBigNumberFormatter
FNDA:56,isPredefinedBlockNumber
FNDA:40,inputDefaultBlockNumberFormatter
FNDA:56,inputBlockNumberFormatter
FNDA:18,inputCallFormatter
FNDA:72,(anonymous_5)
FNDA:13,(anonymous_6)
FNDA:19,inputTransactionFormatter
FNDA:76,(anonymous_8)
FNDA:33,(anonymous_9)
FNDA:7,outputTransactionFormatter
FNDA:2,outputTransactionReceiptFormatter
FNDA:2,(anonymous_12)
FNDA:9,outputBlockFormatter
FNDA:10,(anonymous_14)
FNDA:16,outputLogFormatter
FNDA:1,inputPostFormatter
FNDA:2,(anonymous_17)
FNDA:1,outputPostFormatter
FNDA:2,(anonymous_19)
FNDA:104,inputAddressFormatter
FNDA:2,outputSyncingFormatter
DA:18,1
DA:19,1
DA:28,1
DA:29,16
DA:37,1
DA:38,56
DA:41,1
DA:42,40
DA:43,11
DA:45,29
DA:48,1
DA:49,56
DA:50,0
DA:51,56
DA:52,20
DA:54,36
DA:60,1
DA:61,18
DA:63,18
DA:64,11
DA:67,18
DA:69,11
DA:73,18
DA:75,72
DA:78,13
DA:81,18
DA:82,4
DA:85,18
DA:93,1
DA:94,19
DA:95,0
DA:98,19
DA:99,0
DA:102,19
DA:104,19
DA:106,11
DA:110,19
DA:112,76
DA:115,33
DA:118,19
DA:119,0
DA:122,19
DA:130,1
DA:131,7
DA:132,6
DA:134,7
DA:135,6
DA:137,7
DA:138,7
DA:139,7
DA:140,7
DA:141,7
DA:149,1
DA:150,2
DA:151,2
DA:152,2
DA:153,2
DA:155,2
DA:156,2
DA:157,2
DA:161,2
DA:163,2
DA:169,1
DA:171,9
DA:172,9
DA:173,9
DA:174,9
DA:175,9
DA:177,9
DA:178,9
DA:180,9
DA:181,7
DA:182,10
DA:186,9
DA:192,1
DA:193,16
DA:194,9
DA:197,16
DA:198,9
DA:201,16
DA:202,9
DA:205,16
DA:211,1
DA:212,1
DA:213,1
DA:214,1
DA:217,1
DA:218,0
DA:222,1
DA:224,2
DA:227,1
DA:233,1
DA:234,1
DA:235,1
DA:236,1
DA:237,1
DA:240,1
DA:241,0
DA:243,1
DA:244,2
DA:247,1
DA:250,1
DA:251,104
DA:252,82
DA:253,22
DA:254,11
DA:256,11
DA:259,1
DA:260,2
DA:261,1
DA:264,1
DA:265,1
DA:266,1
DA:267,1
DA:268,0
DA:269,0
DA:272,1
LF:117
LH:109
BRDA:38,0,0,56
BRDA:38,0,1,44
BRDA:38,0,2,40
BRDA:42,1,0,11
BRDA:42,1,1,29
BRDA:49,2,0,0
BRDA:49,2,1,56
BRDA:49,3,0,56
BRDA:49,3,1,56
BRDA:51,4,0,20
BRDA:51,4,1,36
BRDA:63,5,0,11
BRDA:63,5,1,7
BRDA:67,6,0,11
BRDA:67,6,1,7
BRDA:81,7,0,4
BRDA:81,7,1,14
BRDA:81,8,0,18
BRDA:81,8,1,18
BRDA:81,8,2,4
BRDA:94,9,0,0
BRDA:94,9,1,19
BRDA:98,10,0,0
BRDA:98,10,1,19
BRDA:104,11,0,11
BRDA:104,11,1,8
BRDA:118,12,0,0
BRDA:118,12,1,19
BRDA:118,13,0,19
BRDA:118,13,1,17
BRDA:118,13,2,0
BRDA:131,14,0,6
BRDA:131,14,1,1
BRDA:134,15,0,6
BRDA:134,15,1,1
BRDA:150,16,0,2
BRDA:150,16,1,0
BRDA:151,17,0,2
BRDA:151,17,1,0
BRDA:155,18,0,2
BRDA:155,18,1,0
BRDA:175,19,0,8
BRDA:175,19,1,1
BRDA:180,20,0,7
BRDA:180,20,1,2
BRDA:182,21,0,2
BRDA:182,21,1,8
BRDA:193,22,0,9
BRDA:193,22,1,7
BRDA:197,23,0,9
BRDA:197,23,1,7
BRDA:201,24,0,9
BRDA:201,24,1,7
BRDA:217,25,0,0
BRDA:217,25,1,1
BRDA:218,26,0,0
BRDA:218,26,1,0
BRDA:224,27,0,0
BRDA:224,27,1,2
BRDA:240,28,0,0
BRDA:240,28,1,1
BRDA:251,29,0,82
BRDA:251,29,1,22
BRDA:253,30,0,11
BRDA:253,30,1,11
BRDA:260,31,0,1
BRDA:260,31,1,1
BRDA:267,32,0,0
BRDA:267,32,1,1
BRF:69
BRH:55
end_of_record
TN:
SF:/Users/dani/Code/eth-connect/src/utils/future.ts
FN:8,future
FN:9,(anonymous_1)
FN:12,(anonymous_2)
FN:16,(anonymous_3)
FN:21,(anonymous_4)
FN:22,(anonymous_5)
FN:28,(anonymous_6)
FNF:7
FNH:4
FNDA:613,future
FNDA:0,(anonymous_1)
FNDA:0,(anonymous_2)
FNDA:613,(anonymous_3)
FNDA:524,(anonymous_4)
FNDA:48,(anonymous_5)
FNDA:0,(anonymous_6)
DA:8,1
DA:9,613
DA:10,0
DA:12,613
DA:13,0
DA:16,613
DA:17,613
DA:18,613
DA:21,613
DA:22,613
DA:24,613
DA:25,613
DA:27,613
DA:28,0
DA:29,0
DA:30,0
DA:34,613
DA:36,613
LF:18
LH:13
BRDA:27,0,0,0
BRDA:27,0,1,613
BRF:2
BRH:1
end_of_record
TN:
SF:/Users/dani/Code/eth-connect/src/utils/jsonrpc.ts
FN:28,toPayload
FN:50,isValidResponse
FN:53,validateSingleMessage
FN:69,toBatchPayload
FN:70,(anonymous_4)
FNF:5
FNH:5
FNDA:329,toPayload
FNDA:304,isValidResponse
FNDA:304,validateSingleMessage
FNDA:2,toBatchPayload
FNDA:2,(anonymous_4)
DA:18,1
DA:28,1
DA:29,329
DA:30,0
DA:33,329
DA:34,0
DA:37,329
DA:39,329
DA:50,1
DA:51,304
DA:54,304
DA:69,1
DA:70,2
DA:71,2
LF:14
LH:12
BRDA:29,0,0,0
BRDA:29,0,1,329
BRDA:33,1,0,0
BRDA:33,1,1,329
BRDA:43,2,0,329
BRDA:43,2,1,0
BRDA:51,3,0,0
BRDA:51,3,1,304
BRDA:55,4,0,304
BRDA:55,4,1,303
BRDA:55,4,2,303
BRDA:55,4,3,301
BRDA:55,4,4,299
BRF:13
BRH:9
end_of_record
TN:
SF:/Users/dani/Code/eth-connect/src/utils/sleep.ts
FN:4,sleep
FN:5,(anonymous_1)
FNF:2
FNH:0
FNDA:0,sleep
FNDA:0,(anonymous_1)
DA:4,1
DA:5,0
LF:2
LH:1
BRF:0
BRH:0
end_of_record
TN:
SF:/Users/dani/Code/eth-connect/src/utils/utils.ts
FN:28,sha3
FN:77,padLeft
FN:85,padRight
FN:93,toUtf8
FN:114,toAscii
FN:134,fromUtf8
FN:159,fromAscii
FN:174,transformToFullName
FN:180,(anonymous_8)
FN:191,extractDisplayName
FN:201,extractTypeName
FN:213,isHex
FN:223,toNullDecimal
FN:232,toDecimal
FN:240,toData
FN:253,toBoolean
FN:262,fromDecimal
FN:275,toHex
FN:299,getValueOfUnit
FN:328,fromWei
FN:351,toWei
FN:361,toBigNumber
FN:379,toTwosComplement
FN:393,isStrictAddress
FN:401,isAddress
FN:418,isChecksumAddress
FN:439,toChecksumAddress
FN:461,toAddress
FN:477,isBigNumber
FN:487,isString
FN:495,isFunction
FN:503,isObject
FN:511,isBoolean
FN:519,isArray
FN:527,isJson
FN:539,isBloom
FN:552,isTopic
FNF:37
FNH:34
FNDA:68,sha3
FNDA:210,padLeft
FNDA:36,padRight
FNDA:10,toUtf8
FNDA:5,toAscii
FNDA:27,fromUtf8
FNDA:6,fromAscii
FNDA:100,transformToFullName
FNDA:126,(anonymous_8)
FNDA:92,extractDisplayName
FNDA:83,extractTypeName
FNDA:3,isHex
FNDA:11,toNullDecimal
FNDA:142,toDecimal
FNDA:0,toData
FNDA:36,toBoolean
FNDA:130,fromDecimal
FNDA:236,toHex
FNDA:41,getValueOfUnit
FNDA:12,fromWei
FNDA:29,toWei
FNDA:630,toBigNumber
FNDA:227,toTwosComplement
FNDA:112,isStrictAddress
FNDA:65,isAddress
FNDA:13,isChecksumAddress
FNDA:0,toChecksumAddress
FNDA:0,toAddress
FNDA:924,isBigNumber
FNDA:250,isString
FNDA:113,isFunction
FNDA:159,isObject
FNDA:236,isBoolean
FNDA:460,isArray
FNDA:9,isJson
FNDA:8,isBloom
FNDA:5,isTopic
DA:18,1
DA:20,1
DA:22,1
DA:23,1
DA:28,1
DA:29,68
DA:31,68
DA:32,10
DA:33,10
DA:35,10
DA:38,68
DA:43,1
DA:77,1
DA:78,210
DA:85,1
DA:86,36
DA:93,1
DA:95,10
DA:96,10
DA:97,10
DA:98,10
DA:99,3
DA:101,10
DA:102,133
DA:103,133
DA:104,131
DA:107,10
DA:114,1
DA:116,5
DA:117,5
DA:118,5
DA:119,5
DA:120,5
DA:122,5
DA:123,110
DA:124,110
DA:127,5
DA:134,1
DA:135,27
DA:136,27
DA:138,27
DA:139,517
DA:140,517
DA:141,11
DA:142,9
DA:144,2
DA:147,506
DA:148,506
DA:152,27
DA:159,1
DA:160,6
DA:161,6
DA:162,194
DA:163,194
DA:164,194
DA:167,6
DA:174,1
DA:175,100
DA:176,55
DA:179,45
DA:181,126
DA:184,45
DA:191,1
DA:192,92
DA:193,92
DA:194,92
DA:201,1
DA:202,83
DA:203,83
DA:204,83
DA:213,1
DA:214,3
DA:215,3
DA:216,0
DA:223,1
DA:224,11
DA:225,7
DA:232,1
DA:233,142
DA:240,1
DA:241,0
DA:242,0
DA:243,0
DA:246,0
DA:253,1
DA:254,36
DA:255,7
DA:262,1
DA:263,130
DA:264,130
DA:266,130
DA:275,1
DA:278,236
DA:280,234
DA:282,233
DA:285,231
DA:286,192
DA:287,192
DA:288,187
DA:289,12
DA:292,47
DA:299,1
DA:300,41
DA:301,41
DA:302,41
DA:303,1
DA:307,40
DA:328,1
DA:329,12
DA:331,12
DA:351,1
DA:352,29
DA:354,28
DA:361,1
DA:362,630
DA:364,630
DA:365,27
DA:368,603
DA:369,239
DA:372,364
DA:379,1
DA:380,227
DA:382,227
DA:383,12
DA:386,215
DA:393,1
DA:394,112
DA:401,1
DA:402,65
DA:404,19
DA:405,46
DA:407,43
DA:410,3
DA:418,1
DA:420,13
DA:421,13
DA:423,13
DA:425,371
DA:429,4
DA:432,9
DA:439,1
DA:440,0
DA:442,0
DA:443,0
DA:444,0
DA:446,0
DA:448,0
DA:449,0
DA:451,0
DA:454,0
DA:461,1
DA:462,0
DA:463,0
DA:466,0
DA:467,0
DA:470,0
DA:477,1
DA:478,924
DA:487,1
DA:488,250
DA:495,1
DA:496,113
DA:503,1
DA:504,159
DA:511,1
DA:512,236
DA:519,1
DA:520,460
DA:527,1
DA:528,9
DA:529,9
DA:531,5
DA:539,1
DA:540,8
DA:541,0
DA:542,8
DA:543,8
DA:545,0
DA:552,1
DA:553,5
DA:554,0
DA:555,5
DA:556,5
DA:558,0
LF:184
LH:161
BRDA:31,0,0,10
BRDA:31,0,1,58
BRDA:31,1,0,68
BRDA:31,1,1,10
BRDA:32,2,0,10
BRDA:32,2,1,0
BRDA:32,3,0,10
BRDA:32,3,1,10
BRDA:78,4,0,0
BRDA:78,4,1,210
BRDA:86,5,0,0
BRDA:86,5,1,36
BRDA:98,6,0,3
BRDA:98,6,1,7
BRDA:103,7,0,2
BRDA:103,7,1,131
BRDA:119,8,0,5
BRDA:119,8,1,0
BRDA:134,9,0,23
BRDA:140,10,0,11
BRDA:140,10,1,506
BRDA:141,11,0,9
BRDA:141,11,1,2
BRDA:148,12,0,6
BRDA:148,12,1,500
BRDA:159,13,0,3
BRDA:164,14,0,32
BRDA:164,14,1,162
BRDA:175,15,0,55
BRDA:175,15,1,45
BRDA:194,16,0,92
BRDA:194,16,1,0
BRDA:194,17,0,92
BRDA:194,17,1,92
BRDA:205,18,0,83
BRDA:205,18,1,0
BRDA:204,19,0,83
BRDA:204,19,1,83
BRDA:214,20,0,3
BRDA:214,20,1,0
BRDA:224,21,0,4
BRDA:224,21,1,7
BRDA:224,22,0,11
BRDA:224,22,1,7
BRDA:241,23,0,0
BRDA:241,23,1,0
BRDA:242,24,0,0
BRDA:242,24,1,0
BRDA:242,25,0,0
BRDA:242,25,1,0
BRDA:254,26,0,29
BRDA:254,26,1,7
BRDA:266,27,0,17
BRDA:266,27,1,113
BRDA:278,28,0,2
BRDA:278,28,1,234
BRDA:280,29,0,1
BRDA:280,29,1,233
BRDA:282,30,0,2
BRDA:282,30,1,231
BRDA:285,31,0,192
BRDA:285,31,1,39
BRDA:287,32,0,5
BRDA:287,32,1,187
BRDA:288,33,0,175
BRDA:288,33,1,12
BRDA:289,34,0,4
BRDA:289,34,1,8
BRDA:300,35,0,41
BRDA:300,35,1,0
BRDA:302,36,0,1
BRDA:302,36,1,40
BRDA:331,37,0,0
BRDA:331,37,1,12
BRDA:354,38,0,0
BRDA:354,38,1,28
BRDA:362,39,0,630
BRDA:362,39,1,17
BRDA:364,40,0,27
BRDA:364,40,1,603
BRDA:368,41,0,239
BRDA:368,41,1,364
BRDA:368,42,0,603
BRDA:368,42,1,271
BRDA:368,42,2,54
BRDA:382,43,0,12
BRDA:382,43,1,215
BRDA:402,44,0,19
BRDA:402,44,1,46
BRDA:405,45,0,43
BRDA:405,45,1,3
BRDA:405,46,0,46
BRDA:405,46,1,5
BRDA:425,47,0,4
BRDA:425,47,1,367
BRDA:426,48,0,371
BRDA:426,48,1,207
BRDA:426,48,2,369
BRDA:426,48,3,164
BRDA:440,49,0,0
BRDA:440,49,1,0
BRDA:448,50,0,0
BRDA:448,50,1,0
BRDA:462,51,0,0
BRDA:462,51,1,0
BRDA:466,52,0,0
BRDA:466,52,1,0
BRDA:478,53,0,924
BRDA:478,53,1,894
BRDA:478,53,2,871
BRDA:478,53,3,871
BRDA:488,54,0,250
BRDA:488,54,1,46
BRDA:488,54,2,39
BRDA:488,54,3,39
BRDA:504,55,0,159
BRDA:504,55,1,159
BRDA:504,55,2,157
BRDA:540,56,0,0
BRDA:540,56,1,8
BRDA:542,57,0,8
BRDA:542,57,1,0
BRDA:542,58,0,8
BRDA:542,58,1,2
BRDA:553,59,0,0
BRDA:553,59,1,5
BRDA:555,60,0,5
BRDA:555,60,1,0
BRDA:555,61,0,5
BRDA:555,61,1,1
BRF:130
BRH:102
end_of_record
